2025-09-10 15:07:11,211 - INFO - 文件 58同城多城市职位详细信息.xlsx 不存在，将在保存数据时创建
2025-09-10 15:07:11,211 - INFO - 
开始抓取北京的职位信息（前5页，当前页所有职位）...
2025-09-10 15:07:11,211 - INFO - 
=== 开始生成 5 页的URL列表 ===
2025-09-10 15:07:11,211 - INFO - 第 1 页URL: https://bj.58.com/hulianwangtx/
2025-09-10 15:07:23,729 - INFO - 第 2 页URL: https://bj.58.com/hulianwangtx/pn2/?pid=864523348916961280&PGTID=0d365063-0000-18a7-fc11-a572485fb7ed&ClickID=1
2025-09-10 15:07:29,646 - INFO - 第 3 页URL: https://bj.58.com/hulianwangtx/pn3/?pid=864523348916961280&PGTID=0d365063-0000-121e-5f57-2498bc34cd85&ClickID=1
2025-09-10 15:07:34,843 - INFO - 第 4 页URL: https://bj.58.com/hulianwangtx/pn4/?pid=864523348916961280&PGTID=0d365063-0000-106b-433a-eadaf991f1cf&ClickID=1
2025-09-10 15:07:42,007 - INFO - 第 5 页URL: https://bj.58.com/hulianwangtx/pn5/?pid=864523348916961280&PGTID=0d365063-0000-1e33-4caf-42e912643d57&ClickID=1
2025-09-10 15:07:42,007 - INFO - 
=== URL列表生成完成，共 5 个URL ===
2025-09-10 15:07:42,008 - INFO - 
=== 开始批量抓取 5 页的职位数据 ===
2025-09-10 15:07:42,008 - INFO - 
--- 正在抓取第 1 页 ---
2025-09-10 15:07:42,008 - INFO - URL: https://bj.58.com/hulianwangtx/
2025-09-10 15:07:42,008 - INFO - 正在访问: https://bj.58.com/hulianwangtx/
2025-09-10 15:07:44,673 - INFO - 找到 35 个职位链接
2025-09-10 15:07:44,674 - INFO - 
正在处理第1个职位
2025-09-10 15:07:50,402 - INFO - 正在抓取企业详细信息: 北京中昌软件技术有限公司
2025-09-10 15:07:54,648 - INFO - ✓ 所属区域已从工作地点补充: 北京 - 丰台 -> 北京丰台区
2025-09-10 15:07:54,654 - INFO - × 所属区域格式不标准已清空: 北京丰台区
2025-09-10 15:07:54,654 - INFO - × 跳过保存：所属区域为空的职位数据 - 运维工程师 - 北京中昌软件技术有限公司
2025-09-10 15:07:54,654 - INFO - 成功抓取第1个职位: 运维工程师
2025-09-10 15:07:55,155 - INFO - 
正在处理第2个职位
2025-09-10 15:07:59,906 - INFO - 正在抓取企业详细信息: 北京嘉言文化发展有限公司
2025-09-10 15:08:02,469 - INFO - ✓ 所属区域已从工作地点补充: 北京 - 朝阳 -> 北京朝阳区
2025-09-10 15:08:02,469 - INFO - × 所属区域格式不标准已清空: 北京朝阳区
2025-09-10 15:08:02,469 - INFO - × 跳过保存：所属区域为空的职位数据 - 产品经理 - 北京嘉言文化发展有限公司
2025-09-10 15:08:02,469 - INFO - 成功抓取第2个职位: 产品经理
2025-09-10 15:08:02,970 - INFO - 
正在处理第3个职位
2025-09-10 15:08:09,469 - WARNING - Retrying (Retry(total=2, connect=None, read=None, redirect=None, status=None)) after connection broken by 'NewConnectionError('<urllib3.connection.HTTPConnection object at 0x0000028B7A808190>: Failed to establish a new connection: [WinError 10061] 由于目标计算机积极拒绝，无法连接。')': /session/f1f18a80aa62aea5a59ab9150afa10c8
2025-09-10 15:08:13,542 - WARNING - Retrying (Retry(total=1, connect=None, read=None, redirect=None, status=None)) after connection broken by 'NewConnectionError('<urllib3.connection.HTTPConnection object at 0x0000028B7A808550>: Failed to establish a new connection: [WinError 10061] 由于目标计算机积极拒绝，无法连接。')': /session/f1f18a80aa62aea5a59ab9150afa10c8
2025-09-10 15:08:17,632 - WARNING - Retrying (Retry(total=0, connect=None, read=None, redirect=None, status=None)) after connection broken by 'NewConnectionError('<urllib3.connection.HTTPConnection object at 0x0000028B7A18B6F0>: Failed to establish a new connection: [WinError 10061] 由于目标计算机积极拒绝，无法连接。')': /session/f1f18a80aa62aea5a59ab9150afa10c8
