2025-09-10 14:51:33,744 - INFO - 文件 58同城多城市职位详细信息.xlsx 不存在，将在保存数据时创建
2025-09-10 14:51:33,744 - INFO - 
开始抓取北京的职位信息（前5页，当前页所有职位）...
2025-09-10 14:51:33,744 - INFO - 
=== 开始生成 5 页的URL列表 ===
2025-09-10 14:51:33,744 - INFO - 第 1 页URL: https://bj.58.com/hulianwangtx/
2025-09-10 14:51:45,804 - INFO - 第 2 页URL: https://bj.58.com/hulianwangtx/pn2/?pid=864519416965660672&PGTID=0d365063-0000-1076-8e37-95e32cf9f221&ClickID=1
2025-09-10 14:51:51,003 - INFO - 第 3 页URL: https://bj.58.com/hulianwangtx/pn3/?pid=864519416965660672&PGTID=0d365063-0000-1328-5720-967708121834&ClickID=1
2025-09-10 14:51:55,616 - INFO - 第 4 页URL: https://bj.58.com/hulianwangtx/pn4/?pid=864519416965660672&PGTID=0d365063-0000-1ac3-d3fa-44a8f3d2cd1f&ClickID=1
2025-09-10 14:51:59,867 - INFO - 第 5 页URL: https://bj.58.com/hulianwangtx/pn5/?pid=864519416965660672&PGTID=0d365063-0000-15a4-483e-a944f91f2c98&ClickID=1
2025-09-10 14:51:59,867 - INFO - 
=== URL列表生成完成，共 5 个URL ===
2025-09-10 14:51:59,867 - INFO - 
=== 开始批量抓取 5 页的职位数据 ===
2025-09-10 14:51:59,867 - INFO - 
--- 正在抓取第 1 页 ---
2025-09-10 14:51:59,867 - INFO - URL: https://bj.58.com/hulianwangtx/
2025-09-10 14:51:59,868 - INFO - 正在访问: https://bj.58.com/hulianwangtx/
2025-09-10 14:52:01,965 - INFO - 找到 35 个职位链接
2025-09-10 14:52:01,965 - INFO - 
正在处理第1个职位
2025-09-10 14:52:04,893 - INFO - 正在抓取企业详细信息: 北京中昌软件技术有限公司
2025-09-10 14:52:07,056 - INFO - × 跳过保存：工作职责为空的职位数据 - 运维工程师 - 北京中昌软件技术有限公司
2025-09-10 14:52:07,056 - INFO - 成功抓取第1个职位: 运维工程师
2025-09-10 14:52:07,556 - INFO - 
正在处理第2个职位
2025-09-10 14:52:09,873 - INFO - 正在抓取企业详细信息: 北京嘉言文化发展有限公司
2025-09-10 14:52:11,033 - INFO - × 跳过保存：任职要求为空的职位数据 - 产品经理 - 北京嘉言文化发展有限公司
2025-09-10 14:52:11,033 - INFO - 成功抓取第2个职位: 产品经理
2025-09-10 14:52:11,533 - INFO - 
正在处理第3个职位
2025-09-10 14:52:13,490 - INFO - 正在抓取企业详细信息: 北京市电信工程局有限公司
2025-09-10 14:52:15,026 - INFO - × 跳过保存：工作职责为空的职位数据 - 通信技术工程师 - 北京市电信工程局有限公司
2025-09-10 14:52:15,026 - INFO - 成功抓取第3个职位: 通信技术工程师
2025-09-10 14:52:15,527 - INFO - 
正在处理第4个职位
2025-09-10 14:52:17,429 - INFO - 正在抓取企业详细信息: 北京市艺值字画有限公司
2025-09-10 14:52:18,384 - INFO - × 跳过保存：任职要求为空的职位数据 - 软件研发工程师 - 北京市艺值字画有限公司
2025-09-10 14:52:18,384 - INFO - 成功抓取第4个职位: 软件研发工程师
2025-09-10 14:52:18,885 - INFO - 
正在处理第5个职位
2025-09-10 14:52:20,610 - INFO - 正在抓取企业详细信息: 北京独巨匠心餐饮管理有限公司大兴分公司
2025-09-10 14:52:22,029 - INFO - ✓ 所属区域已从工作地点补充: 北京 - 大兴 -> 北京大兴区
2025-09-10 14:52:22,033 - INFO - × 所属区域格式不标准已清空: 北京大兴区
2025-09-10 14:52:22,034 - INFO - × 跳过保存：所属区域为空的职位数据 - 项目经理/主管 - 北京独巨匠心餐饮管理有限公司大兴分公司
2025-09-10 14:52:22,034 - INFO - 成功抓取第5个职位: 项目经理/主管
2025-09-10 14:52:22,534 - INFO - 
正在处理第6个职位
2025-09-10 14:52:24,337 - INFO - 正在抓取企业详细信息: 领驭框架（北京）软件有限公司
2025-09-10 14:52:25,449 - INFO - × 跳过保存：任职要求为空的职位数据 - C#开发 - 领驭框架（北京）软件有限公司
2025-09-10 14:52:25,449 - INFO - 成功抓取第6个职位: C#开发
2025-09-10 14:52:25,950 - INFO - 
正在处理第7个职位
2025-09-10 14:52:28,542 - INFO - 正在抓取企业详细信息: 上海茗日智能科技有限公司
2025-09-10 14:52:29,390 - INFO - × 跳过保存：任职要求为空的职位数据 - 产品经理 - 上海茗日智能科技有限公司
2025-09-10 14:52:29,390 - INFO - 成功抓取第7个职位: 产品经理
2025-09-10 14:52:29,891 - INFO - 
正在处理第8个职位
2025-09-10 14:52:31,564 - INFO - 正在抓取企业详细信息: 杭州哈希岛互联网科技有限公司
2025-09-10 14:52:32,516 - INFO - × 跳过保存：工作职责为空的职位数据 - 技术经理 - 杭州哈希岛互联网科技有限公司
2025-09-10 14:52:32,516 - INFO - 成功抓取第8个职位: 技术经理
2025-09-10 14:52:33,017 - INFO - 
正在处理第9个职位
2025-09-10 14:52:34,795 - INFO - 正在抓取企业详细信息: 北京正远达科技有限公司
2025-09-10 14:52:35,873 - INFO - × 跳过保存：任职要求为空的职位数据 - 测试工程师 - 北京正远达科技有限公司
2025-09-10 14:52:35,873 - INFO - 成功抓取第9个职位: 测试工程师
2025-09-10 14:52:36,373 - INFO - 
正在处理第10个职位
2025-09-10 14:52:38,568 - INFO - 正在抓取企业详细信息: 巽灵科技（北京）有限公司
