2025-09-10 14:59:20,621 - INFO - 文件 58同城多城市职位详细信息.xlsx 不存在，将在保存数据时创建
2025-09-10 14:59:20,621 - INFO - 
开始抓取北京的职位信息（前5页，当前页所有职位）...
2025-09-10 14:59:20,621 - INFO - 
=== 开始生成 5 页的URL列表 ===
2025-09-10 14:59:20,621 - INFO - 第 1 页URL: https://bj.58.com/hulianwangtx/
2025-09-10 14:59:35,632 - INFO - 北京抓取出错: Message: timeout: Timed out receiving message from renderer: 14.502
  (Session info: chrome=139.0.7258.157)
Stacktrace:
	GetHandleVerifier [0x0x7ff7bec13d85+79397]
	GetHandleVerifier [0x0x7ff7bec13de0+79488]
	(No symbol) [0x0x7ff7be9bc0fa]
	(No symbol) [0x0x7ff7be9a9a0c]
	(No symbol) [0x0x7ff7be9a96fa]
	(No symbol) [0x0x7ff7be9a72cb]
	(No symbol) [0x0x7ff7be9a7d2f]
	(No symbol) [0x0x7ff7be9b695e]
	(No symbol) [0x0x7ff7be9cc921]
	(No symbol) [0x0x7ff7be9d3a8a]
	(No symbol) [0x0x7ff7be9a84cd]
	(No symbol) [0x0x7ff7be9cc653]
	(No symbol) [0x0x7ff7bea63699]
	(No symbol) [0x0x7ff7bea3af73]
	(No symbol) [0x0x7ff7bea041b1]
	(No symbol) [0x0x7ff7bea04f43]
	GetHandleVerifier [0x0x7ff7beede1ed+3005069]
	GetHandleVerifier [0x0x7ff7beed831d+2980797]
	GetHandleVerifier [0x0x7ff7beef7e0d+3110573]
	GetHandleVerifier [0x0x7ff7bec2d6de+184190]
	GetHandleVerifier [0x0x7ff7bec3516f+215567]
	GetHandleVerifier [0x0x7ff7bec1c974+115220]
	GetHandleVerifier [0x0x7ff7bec1cb29+115657]
	GetHandleVerifier [0x0x7ff7bec03268+11016]
	BaseThreadInitThunk [0x0x7ffe0660259d+29]
	RtlUserThreadStart [0x0x7ffe075caf78+40]

2025-09-10 14:59:35,634 - INFO - 
开始抓取上海的职位信息（前5页，当前页所有职位）...
2025-09-10 14:59:35,634 - INFO - 
=== 开始生成 5 页的URL列表 ===
2025-09-10 14:59:35,634 - INFO - 第 1 页URL: https://sh.58.com/hulianwangtx/
2025-09-10 14:59:44,842 - INFO - 第 2 页URL: https://sh.58.com/hulianwangtx/pn2/?pid=864521438330781696&PGTID=0d365063-0000-26ed-4562-367532412920&ClickID=1
2025-09-10 14:59:52,391 - INFO - 第 3 页URL: https://sh.58.com/hulianwangtx/pn3/?pid=864521438330781696&PGTID=0d365063-0000-2df1-1233-2d7930252e17&ClickID=1
2025-09-10 14:59:57,154 - INFO - 第 4 页URL: https://sh.58.com/hulianwangtx/pn4/?pid=864521438330781696&PGTID=0d365063-0000-2f9d-d246-297988813e5a&ClickID=1
2025-09-10 15:00:10,890 - INFO - 第 5 页URL: https://sh.58.com/hulianwangtx/pn5/?pid=864521438330781696&PGTID=0d365063-0000-2d0e-6d61-0e8b47746a5f&ClickID=1
2025-09-10 15:00:10,890 - INFO - 
=== URL列表生成完成，共 5 个URL ===
2025-09-10 15:00:10,891 - INFO - 
=== 开始批量抓取 5 页的职位数据 ===
2025-09-10 15:00:10,891 - INFO - 
--- 正在抓取第 1 页 ---
2025-09-10 15:00:10,891 - INFO - URL: https://sh.58.com/hulianwangtx/
2025-09-10 15:00:10,891 - INFO - 正在访问: https://sh.58.com/hulianwangtx/
2025-09-10 15:00:12,921 - INFO - 找到 35 个职位链接
2025-09-10 15:00:12,921 - INFO - 
正在处理第1个职位
2025-09-10 15:00:19,047 - INFO - 正在抓取企业详细信息: 上海家阳实业有限公司
2025-09-10 15:00:25,908 - INFO - ✓ 所属区域已从工作地点补充: 上海 - 嘉定 -> 上海嘉定区
2025-09-10 15:00:25,917 - INFO - × 所属区域格式不标准已清空: 上海嘉定区
2025-09-10 15:00:25,917 - INFO - × 跳过保存：所属区域为空的职位数据 - 数据分析师 - 上海家阳实业有限公司
2025-09-10 15:00:25,918 - INFO - 成功抓取第1个职位: 数据分析师
2025-09-10 15:00:26,418 - INFO - 
正在处理第2个职位
2025-09-10 15:00:29,650 - INFO - 正在抓取企业详细信息: 上海尚公劳务服务有限公司
2025-09-10 15:00:30,558 - INFO - × 跳过保存：工作职责为空的职位数据 - 运维工程师 - 上海尚公劳务服务有限公司
2025-09-10 15:00:30,558 - INFO - 成功抓取第2个职位: 运维工程师
2025-09-10 15:00:31,059 - INFO - 
正在处理第3个职位
2025-09-10 15:00:33,171 - INFO - 正在抓取企业详细信息: 上海金鞘科技有限公司
2025-09-10 15:00:34,138 - INFO - × 跳过保存：工作职责为空的职位数据 - 运维工程师 - 上海金鞘科技有限公司
2025-09-10 15:00:34,138 - INFO - 成功抓取第3个职位: 运维工程师
2025-09-10 15:00:34,639 - INFO - 
正在处理第4个职位
2025-09-10 15:00:38,358 - INFO - 正在抓取企业详细信息: 上海博世机电设施工程有限公司
2025-09-10 15:00:40,220 - INFO - ✓ 所属区域已从工作地点补充: 上海 - 浦东 -> 上海浦东区
2025-09-10 15:00:40,220 - INFO - × 所属区域格式不标准已清空: 上海浦东区
2025-09-10 15:00:40,221 - INFO - × 跳过保存：所属区域为空的职位数据 - 项目经理/主管 - 上海博世机电设施工程有限公司
2025-09-10 15:00:40,221 - INFO - 成功抓取第4个职位: 项目经理/主管
2025-09-10 15:00:40,721 - INFO - 
正在处理第5个职位
2025-09-10 15:00:43,140 - INFO - 抓取职位详情页失败: Message: tab crashed
  (Session info: chrome=139.0.7258.157)
Stacktrace:
	GetHandleVerifier [0x0x7ff7bec13d85+79397]
	GetHandleVerifier [0x0x7ff7bec13de0+79488]
	(No symbol) [0x0x7ff7be9bbf2c]
	(No symbol) [0x0x7ff7be9a969b]
	(No symbol) [0x0x7ff7be9a72cb]
	(No symbol) [0x0x7ff7be9a7d2f]
	(No symbol) [0x0x7ff7be9b695e]
	(No symbol) [0x0x7ff7be9cc921]
	(No symbol) [0x0x7ff7be9d3a8a]
	(No symbol) [0x0x7ff7be9a84cd]
	(No symbol) [0x0x7ff7be9cc0d0]
	(No symbol) [0x0x7ff7bea6321d]
	(No symbol) [0x0x7ff7bea3af73]
	(No symbol) [0x0x7ff7bea041b1]
	(No symbol) [0x0x7ff7bea04f43]
	GetHandleVerifier [0x0x7ff7beede1ed+3005069]
	GetHandleVerifier [0x0x7ff7beed831d+2980797]
	GetHandleVerifier [0x0x7ff7beef7e0d+3110573]
	GetHandleVerifier [0x0x7ff7bec2d6de+184190]
	GetHandleVerifier [0x0x7ff7bec3516f+215567]
	GetHandleVerifier [0x0x7ff7bec1c974+115220]
	GetHandleVerifier [0x0x7ff7bec1cb29+115657]
	GetHandleVerifier [0x0x7ff7bec03268+11016]
	BaseThreadInitThunk [0x0x7ffe0660259d+29]
	RtlUserThreadStart [0x0x7ffe075caf78+40]

2025-09-10 15:00:43,141 - INFO - 处理第5个职位失败: cannot access local variable 'company_url' where it is not associated with a value
2025-09-10 15:00:43,141 - INFO - 
正在处理第6个职位
2025-09-10 15:00:43,142 - INFO - 抓取职位详情页失败: Message: tab crashed
  (Session info: chrome=139.0.7258.157)
Stacktrace:
	GetHandleVerifier [0x0x7ff7bec13d85+79397]
	GetHandleVerifier [0x0x7ff7bec13de0+79488]
	(No symbol) [0x0x7ff7be9bbf2c]
	(No symbol) [0x0x7ff7be9a969b]
	(No symbol) [0x0x7ff7be9a72cb]
	(No symbol) [0x0x7ff7be9a7d2f]
	(No symbol) [0x0x7ff7be9b695e]
	(No symbol) [0x0x7ff7be9cc921]
	(No symbol) [0x0x7ff7be9d3a8a]
	(No symbol) [0x0x7ff7be9a84cd]
	(No symbol) [0x0x7ff7be9cc0d0]
	(No symbol) [0x0x7ff7bea6321d]
	(No symbol) [0x0x7ff7bea3af73]
	(No symbol) [0x0x7ff7bea041b1]
	(No symbol) [0x0x7ff7bea04f43]
	GetHandleVerifier [0x0x7ff7beede1ed+3005069]
	GetHandleVerifier [0x0x7ff7beed831d+2980797]
	GetHandleVerifier [0x0x7ff7beef7e0d+3110573]
	GetHandleVerifier [0x0x7ff7bec2d6de+184190]
	GetHandleVerifier [0x0x7ff7bec3516f+215567]
	GetHandleVerifier [0x0x7ff7bec1c974+115220]
	GetHandleVerifier [0x0x7ff7bec1cb29+115657]
	GetHandleVerifier [0x0x7ff7bec03268+11016]
	BaseThreadInitThunk [0x0x7ffe0660259d+29]
	RtlUserThreadStart [0x0x7ffe075caf78+40]

2025-09-10 15:00:43,143 - INFO - 处理第6个职位失败: cannot access local variable 'company_url' where it is not associated with a value
2025-09-10 15:00:43,143 - INFO - 
正在处理第7个职位
2025-09-10 15:00:43,144 - INFO - 抓取职位详情页失败: Message: tab crashed
  (Session info: chrome=139.0.7258.157)
Stacktrace:
	GetHandleVerifier [0x0x7ff7bec13d85+79397]
	GetHandleVerifier [0x0x7ff7bec13de0+79488]
	(No symbol) [0x0x7ff7be9bbf2c]
	(No symbol) [0x0x7ff7be9a969b]
	(No symbol) [0x0x7ff7be9a72cb]
	(No symbol) [0x0x7ff7be9a7d2f]
	(No symbol) [0x0x7ff7be9b695e]
	(No symbol) [0x0x7ff7be9cc921]
	(No symbol) [0x0x7ff7be9d3a8a]
	(No symbol) [0x0x7ff7be9a84cd]
	(No symbol) [0x0x7ff7be9cc0d0]
	(No symbol) [0x0x7ff7bea6321d]
	(No symbol) [0x0x7ff7bea3af73]
	(No symbol) [0x0x7ff7bea041b1]
	(No symbol) [0x0x7ff7bea04f43]
	GetHandleVerifier [0x0x7ff7beede1ed+3005069]
	GetHandleVerifier [0x0x7ff7beed831d+2980797]
	GetHandleVerifier [0x0x7ff7beef7e0d+3110573]
	GetHandleVerifier [0x0x7ff7bec2d6de+184190]
	GetHandleVerifier [0x0x7ff7bec3516f+215567]
	GetHandleVerifier [0x0x7ff7bec1c974+115220]
	GetHandleVerifier [0x0x7ff7bec1cb29+115657]
	GetHandleVerifier [0x0x7ff7bec03268+11016]
	BaseThreadInitThunk [0x0x7ffe0660259d+29]
	RtlUserThreadStart [0x0x7ffe075caf78+40]

2025-09-10 15:00:43,144 - INFO - 处理第7个职位失败: cannot access local variable 'company_url' where it is not associated with a value
2025-09-10 15:00:43,144 - INFO - 
正在处理第8个职位
2025-09-10 15:00:43,145 - INFO - 抓取职位详情页失败: Message: tab crashed
  (Session info: chrome=139.0.7258.157)
Stacktrace:
	GetHandleVerifier [0x0x7ff7bec13d85+79397]
	GetHandleVerifier [0x0x7ff7bec13de0+79488]
	(No symbol) [0x0x7ff7be9bbf2c]
	(No symbol) [0x0x7ff7be9a969b]
	(No symbol) [0x0x7ff7be9a72cb]
	(No symbol) [0x0x7ff7be9a7d2f]
	(No symbol) [0x0x7ff7be9b695e]
	(No symbol) [0x0x7ff7be9cc921]
	(No symbol) [0x0x7ff7be9d3a8a]
	(No symbol) [0x0x7ff7be9a84cd]
	(No symbol) [0x0x7ff7be9cc0d0]
	(No symbol) [0x0x7ff7bea6321d]
	(No symbol) [0x0x7ff7bea3af73]
	(No symbol) [0x0x7ff7bea041b1]
	(No symbol) [0x0x7ff7bea04f43]
	GetHandleVerifier [0x0x7ff7beede1ed+3005069]
	GetHandleVerifier [0x0x7ff7beed831d+2980797]
	GetHandleVerifier [0x0x7ff7beef7e0d+3110573]
	GetHandleVerifier [0x0x7ff7bec2d6de+184190]
	GetHandleVerifier [0x0x7ff7bec3516f+215567]
	GetHandleVerifier [0x0x7ff7bec1c974+115220]
	GetHandleVerifier [0x0x7ff7bec1cb29+115657]
	GetHandleVerifier [0x0x7ff7bec03268+11016]
	BaseThreadInitThunk [0x0x7ffe0660259d+29]
	RtlUserThreadStart [0x0x7ffe075caf78+40]

2025-09-10 15:00:43,146 - INFO - 处理第8个职位失败: cannot access local variable 'company_url' where it is not associated with a value
2025-09-10 15:00:43,146 - INFO - 
正在处理第9个职位
2025-09-10 15:00:43,147 - INFO - 抓取职位详情页失败: Message: tab crashed
  (Session info: chrome=139.0.7258.157)
Stacktrace:
	GetHandleVerifier [0x0x7ff7bec13d85+79397]
	GetHandleVerifier [0x0x7ff7bec13de0+79488]
	(No symbol) [0x0x7ff7be9bbf2c]
	(No symbol) [0x0x7ff7be9a969b]
	(No symbol) [0x0x7ff7be9a72cb]
	(No symbol) [0x0x7ff7be9a7d2f]
	(No symbol) [0x0x7ff7be9b695e]
	(No symbol) [0x0x7ff7be9cc921]
	(No symbol) [0x0x7ff7be9d3a8a]
	(No symbol) [0x0x7ff7be9a84cd]
	(No symbol) [0x0x7ff7be9cc0d0]
	(No symbol) [0x0x7ff7bea6321d]
	(No symbol) [0x0x7ff7bea3af73]
	(No symbol) [0x0x7ff7bea041b1]
	(No symbol) [0x0x7ff7bea04f43]
	GetHandleVerifier [0x0x7ff7beede1ed+3005069]
	GetHandleVerifier [0x0x7ff7beed831d+2980797]
	GetHandleVerifier [0x0x7ff7beef7e0d+3110573]
	GetHandleVerifier [0x0x7ff7bec2d6de+184190]
	GetHandleVerifier [0x0x7ff7bec3516f+215567]
	GetHandleVerifier [0x0x7ff7bec1c974+115220]
	GetHandleVerifier [0x0x7ff7bec1cb29+115657]
	GetHandleVerifier [0x0x7ff7bec03268+11016]
	BaseThreadInitThunk [0x0x7ffe0660259d+29]
	RtlUserThreadStart [0x0x7ffe075caf78+40]

2025-09-10 15:00:43,147 - INFO - 处理第9个职位失败: cannot access local variable 'company_url' where it is not associated with a value
2025-09-10 15:00:43,147 - INFO - 
正在处理第10个职位
2025-09-10 15:00:43,148 - INFO - 抓取职位详情页失败: Message: tab crashed
  (Session info: chrome=139.0.7258.157)
Stacktrace:
	GetHandleVerifier [0x0x7ff7bec13d85+79397]
	GetHandleVerifier [0x0x7ff7bec13de0+79488]
	(No symbol) [0x0x7ff7be9bbf2c]
	(No symbol) [0x0x7ff7be9a969b]
	(No symbol) [0x0x7ff7be9a72cb]
	(No symbol) [0x0x7ff7be9a7d2f]
	(No symbol) [0x0x7ff7be9b695e]
	(No symbol) [0x0x7ff7be9cc921]
	(No symbol) [0x0x7ff7be9d3a8a]
	(No symbol) [0x0x7ff7be9a84cd]
	(No symbol) [0x0x7ff7be9cc0d0]
	(No symbol) [0x0x7ff7bea6321d]
	(No symbol) [0x0x7ff7bea3af73]
	(No symbol) [0x0x7ff7bea041b1]
	(No symbol) [0x0x7ff7bea04f43]
	GetHandleVerifier [0x0x7ff7beede1ed+3005069]
	GetHandleVerifier [0x0x7ff7beed831d+2980797]
	GetHandleVerifier [0x0x7ff7beef7e0d+3110573]
	GetHandleVerifier [0x0x7ff7bec2d6de+184190]
	GetHandleVerifier [0x0x7ff7bec3516f+215567]
	GetHandleVerifier [0x0x7ff7bec1c974+115220]
	GetHandleVerifier [0x0x7ff7bec1cb29+115657]
	GetHandleVerifier [0x0x7ff7bec03268+11016]
	BaseThreadInitThunk [0x0x7ffe0660259d+29]
	RtlUserThreadStart [0x0x7ffe075caf78+40]

2025-09-10 15:00:43,148 - INFO - 处理第10个职位失败: cannot access local variable 'company_url' where it is not associated with a value
2025-09-10 15:00:43,148 - INFO - 
正在处理第11个职位
2025-09-10 15:00:43,149 - INFO - 抓取职位详情页失败: Message: tab crashed
  (Session info: chrome=139.0.7258.157)
Stacktrace:
	GetHandleVerifier [0x0x7ff7bec13d85+79397]
	GetHandleVerifier [0x0x7ff7bec13de0+79488]
	(No symbol) [0x0x7ff7be9bbf2c]
	(No symbol) [0x0x7ff7be9a969b]
	(No symbol) [0x0x7ff7be9a72cb]
	(No symbol) [0x0x7ff7be9a7d2f]
	(No symbol) [0x0x7ff7be9b695e]
	(No symbol) [0x0x7ff7be9cc921]
	(No symbol) [0x0x7ff7be9d3a8a]
	(No symbol) [0x0x7ff7be9a84cd]
	(No symbol) [0x0x7ff7be9cc0d0]
	(No symbol) [0x0x7ff7bea6321d]
	(No symbol) [0x0x7ff7bea3af73]
	(No symbol) [0x0x7ff7bea041b1]
	(No symbol) [0x0x7ff7bea04f43]
	GetHandleVerifier [0x0x7ff7beede1ed+3005069]
	GetHandleVerifier [0x0x7ff7beed831d+2980797]
	GetHandleVerifier [0x0x7ff7beef7e0d+3110573]
	GetHandleVerifier [0x0x7ff7bec2d6de+184190]
	GetHandleVerifier [0x0x7ff7bec3516f+215567]
	GetHandleVerifier [0x0x7ff7bec1c974+115220]
	GetHandleVerifier [0x0x7ff7bec1cb29+115657]
	GetHandleVerifier [0x0x7ff7bec03268+11016]
	BaseThreadInitThunk [0x0x7ffe0660259d+29]
	RtlUserThreadStart [0x0x7ffe075caf78+40]

2025-09-10 15:00:43,150 - INFO - 处理第11个职位失败: cannot access local variable 'company_url' where it is not associated with a value
2025-09-10 15:00:43,150 - INFO - 
正在处理第12个职位
2025-09-10 15:00:43,151 - INFO - 抓取职位详情页失败: Message: tab crashed
  (Session info: chrome=139.0.7258.157)
Stacktrace:
	GetHandleVerifier [0x0x7ff7bec13d85+79397]
	GetHandleVerifier [0x0x7ff7bec13de0+79488]
	(No symbol) [0x0x7ff7be9bbf2c]
	(No symbol) [0x0x7ff7be9a969b]
	(No symbol) [0x0x7ff7be9a72cb]
	(No symbol) [0x0x7ff7be9a7d2f]
	(No symbol) [0x0x7ff7be9b695e]
	(No symbol) [0x0x7ff7be9cc921]
	(No symbol) [0x0x7ff7be9d3a8a]
	(No symbol) [0x0x7ff7be9a84cd]
	(No symbol) [0x0x7ff7be9cc0d0]
	(No symbol) [0x0x7ff7bea6321d]
	(No symbol) [0x0x7ff7bea3af73]
	(No symbol) [0x0x7ff7bea041b1]
	(No symbol) [0x0x7ff7bea04f43]
	GetHandleVerifier [0x0x7ff7beede1ed+3005069]
	GetHandleVerifier [0x0x7ff7beed831d+2980797]
	GetHandleVerifier [0x0x7ff7beef7e0d+3110573]
	GetHandleVerifier [0x0x7ff7bec2d6de+184190]
	GetHandleVerifier [0x0x7ff7bec3516f+215567]
	GetHandleVerifier [0x0x7ff7bec1c974+115220]
	GetHandleVerifier [0x0x7ff7bec1cb29+115657]
	GetHandleVerifier [0x0x7ff7bec03268+11016]
	BaseThreadInitThunk [0x0x7ffe0660259d+29]
	RtlUserThreadStart [0x0x7ffe075caf78+40]

2025-09-10 15:00:43,151 - INFO - 处理第12个职位失败: cannot access local variable 'company_url' where it is not associated with a value
2025-09-10 15:00:43,151 - INFO - 
正在处理第13个职位
2025-09-10 15:00:43,152 - INFO - 抓取职位详情页失败: Message: tab crashed
  (Session info: chrome=139.0.7258.157)
Stacktrace:
	GetHandleVerifier [0x0x7ff7bec13d85+79397]
	GetHandleVerifier [0x0x7ff7bec13de0+79488]
	(No symbol) [0x0x7ff7be9bbf2c]
	(No symbol) [0x0x7ff7be9a969b]
	(No symbol) [0x0x7ff7be9a72cb]
	(No symbol) [0x0x7ff7be9a7d2f]
	(No symbol) [0x0x7ff7be9b695e]
	(No symbol) [0x0x7ff7be9cc921]
	(No symbol) [0x0x7ff7be9d3a8a]
	(No symbol) [0x0x7ff7be9a84cd]
	(No symbol) [0x0x7ff7be9cc0d0]
	(No symbol) [0x0x7ff7bea6321d]
	(No symbol) [0x0x7ff7bea3af73]
	(No symbol) [0x0x7ff7bea041b1]
	(No symbol) [0x0x7ff7bea04f43]
	GetHandleVerifier [0x0x7ff7beede1ed+3005069]
	GetHandleVerifier [0x0x7ff7beed831d+2980797]
	GetHandleVerifier [0x0x7ff7beef7e0d+3110573]
	GetHandleVerifier [0x0x7ff7bec2d6de+184190]
	GetHandleVerifier [0x0x7ff7bec3516f+215567]
	GetHandleVerifier [0x0x7ff7bec1c974+115220]
	GetHandleVerifier [0x0x7ff7bec1cb29+115657]
	GetHandleVerifier [0x0x7ff7bec03268+11016]
	BaseThreadInitThunk [0x0x7ffe0660259d+29]
	RtlUserThreadStart [0x0x7ffe075caf78+40]

2025-09-10 15:00:43,152 - INFO - 处理第13个职位失败: cannot access local variable 'company_url' where it is not associated with a value
2025-09-10 15:00:43,152 - INFO - 
正在处理第14个职位
2025-09-10 15:00:43,153 - INFO - 抓取职位详情页失败: Message: tab crashed
  (Session info: chrome=139.0.7258.157)
Stacktrace:
	GetHandleVerifier [0x0x7ff7bec13d85+79397]
	GetHandleVerifier [0x0x7ff7bec13de0+79488]
	(No symbol) [0x0x7ff7be9bbf2c]
	(No symbol) [0x0x7ff7be9a969b]
	(No symbol) [0x0x7ff7be9a72cb]
	(No symbol) [0x0x7ff7be9a7d2f]
	(No symbol) [0x0x7ff7be9b695e]
	(No symbol) [0x0x7ff7be9cc921]
	(No symbol) [0x0x7ff7be9d3a8a]
	(No symbol) [0x0x7ff7be9a84cd]
	(No symbol) [0x0x7ff7be9cc0d0]
	(No symbol) [0x0x7ff7bea6321d]
	(No symbol) [0x0x7ff7bea3af73]
	(No symbol) [0x0x7ff7bea041b1]
	(No symbol) [0x0x7ff7bea04f43]
	GetHandleVerifier [0x0x7ff7beede1ed+3005069]
	GetHandleVerifier [0x0x7ff7beed831d+2980797]
	GetHandleVerifier [0x0x7ff7beef7e0d+3110573]
	GetHandleVerifier [0x0x7ff7bec2d6de+184190]
	GetHandleVerifier [0x0x7ff7bec3516f+215567]
	GetHandleVerifier [0x0x7ff7bec1c974+115220]
	GetHandleVerifier [0x0x7ff7bec1cb29+115657]
	GetHandleVerifier [0x0x7ff7bec03268+11016]
	BaseThreadInitThunk [0x0x7ffe0660259d+29]
	RtlUserThreadStart [0x0x7ffe075caf78+40]

2025-09-10 15:00:43,153 - INFO - 处理第14个职位失败: cannot access local variable 'company_url' where it is not associated with a value
2025-09-10 15:00:43,154 - INFO - 
正在处理第15个职位
2025-09-10 15:00:43,154 - INFO - 抓取职位详情页失败: Message: tab crashed
  (Session info: chrome=139.0.7258.157)
Stacktrace:
	GetHandleVerifier [0x0x7ff7bec13d85+79397]
	GetHandleVerifier [0x0x7ff7bec13de0+79488]
	(No symbol) [0x0x7ff7be9bbf2c]
	(No symbol) [0x0x7ff7be9a969b]
	(No symbol) [0x0x7ff7be9a72cb]
	(No symbol) [0x0x7ff7be9a7d2f]
	(No symbol) [0x0x7ff7be9b695e]
	(No symbol) [0x0x7ff7be9cc921]
	(No symbol) [0x0x7ff7be9d3a8a]
	(No symbol) [0x0x7ff7be9a84cd]
	(No symbol) [0x0x7ff7be9cc0d0]
	(No symbol) [0x0x7ff7bea6321d]
	(No symbol) [0x0x7ff7bea3af73]
	(No symbol) [0x0x7ff7bea041b1]
	(No symbol) [0x0x7ff7bea04f43]
	GetHandleVerifier [0x0x7ff7beede1ed+3005069]
	GetHandleVerifier [0x0x7ff7beed831d+2980797]
	GetHandleVerifier [0x0x7ff7beef7e0d+3110573]
	GetHandleVerifier [0x0x7ff7bec2d6de+184190]
	GetHandleVerifier [0x0x7ff7bec3516f+215567]
	GetHandleVerifier [0x0x7ff7bec1c974+115220]
	GetHandleVerifier [0x0x7ff7bec1cb29+115657]
	GetHandleVerifier [0x0x7ff7bec03268+11016]
	BaseThreadInitThunk [0x0x7ffe0660259d+29]
	RtlUserThreadStart [0x0x7ffe075caf78+40]

2025-09-10 15:00:43,155 - INFO - 处理第15个职位失败: cannot access local variable 'company_url' where it is not associated with a value
2025-09-10 15:00:43,155 - INFO - 
正在处理第16个职位
2025-09-10 15:00:43,156 - INFO - 抓取职位详情页失败: Message: tab crashed
  (Session info: chrome=139.0.7258.157)
Stacktrace:
	GetHandleVerifier [0x0x7ff7bec13d85+79397]
	GetHandleVerifier [0x0x7ff7bec13de0+79488]
	(No symbol) [0x0x7ff7be9bbf2c]
	(No symbol) [0x0x7ff7be9a969b]
	(No symbol) [0x0x7ff7be9a72cb]
	(No symbol) [0x0x7ff7be9a7d2f]
	(No symbol) [0x0x7ff7be9b695e]
	(No symbol) [0x0x7ff7be9cc921]
	(No symbol) [0x0x7ff7be9d3a8a]
	(No symbol) [0x0x7ff7be9a84cd]
	(No symbol) [0x0x7ff7be9cc0d0]
	(No symbol) [0x0x7ff7bea6321d]
	(No symbol) [0x0x7ff7bea3af73]
	(No symbol) [0x0x7ff7bea041b1]
	(No symbol) [0x0x7ff7bea04f43]
	GetHandleVerifier [0x0x7ff7beede1ed+3005069]
	GetHandleVerifier [0x0x7ff7beed831d+2980797]
	GetHandleVerifier [0x0x7ff7beef7e0d+3110573]
	GetHandleVerifier [0x0x7ff7bec2d6de+184190]
	GetHandleVerifier [0x0x7ff7bec3516f+215567]
	GetHandleVerifier [0x0x7ff7bec1c974+115220]
	GetHandleVerifier [0x0x7ff7bec1cb29+115657]
	GetHandleVerifier [0x0x7ff7bec03268+11016]
	BaseThreadInitThunk [0x0x7ffe0660259d+29]
	RtlUserThreadStart [0x0x7ffe075caf78+40]

2025-09-10 15:00:43,156 - INFO - 处理第16个职位失败: cannot access local variable 'company_url' where it is not associated with a value
2025-09-10 15:00:43,156 - INFO - 
正在处理第17个职位
2025-09-10 15:00:43,157 - INFO - 抓取职位详情页失败: Message: tab crashed
  (Session info: chrome=139.0.7258.157)
Stacktrace:
	GetHandleVerifier [0x0x7ff7bec13d85+79397]
	GetHandleVerifier [0x0x7ff7bec13de0+79488]
	(No symbol) [0x0x7ff7be9bbf2c]
	(No symbol) [0x0x7ff7be9a969b]
	(No symbol) [0x0x7ff7be9a72cb]
	(No symbol) [0x0x7ff7be9a7d2f]
	(No symbol) [0x0x7ff7be9b695e]
	(No symbol) [0x0x7ff7be9cc921]
	(No symbol) [0x0x7ff7be9d3a8a]
	(No symbol) [0x0x7ff7be9a84cd]
	(No symbol) [0x0x7ff7be9cc0d0]
	(No symbol) [0x0x7ff7bea6321d]
	(No symbol) [0x0x7ff7bea3af73]
	(No symbol) [0x0x7ff7bea041b1]
	(No symbol) [0x0x7ff7bea04f43]
	GetHandleVerifier [0x0x7ff7beede1ed+3005069]
	GetHandleVerifier [0x0x7ff7beed831d+2980797]
	GetHandleVerifier [0x0x7ff7beef7e0d+3110573]
	GetHandleVerifier [0x0x7ff7bec2d6de+184190]
	GetHandleVerifier [0x0x7ff7bec3516f+215567]
	GetHandleVerifier [0x0x7ff7bec1c974+115220]
	GetHandleVerifier [0x0x7ff7bec1cb29+115657]
	GetHandleVerifier [0x0x7ff7bec03268+11016]
	BaseThreadInitThunk [0x0x7ffe0660259d+29]
	RtlUserThreadStart [0x0x7ffe075caf78+40]

2025-09-10 15:00:43,158 - INFO - 处理第17个职位失败: cannot access local variable 'company_url' where it is not associated with a value
2025-09-10 15:00:43,158 - INFO - 
正在处理第18个职位
2025-09-10 15:00:43,158 - INFO - 抓取职位详情页失败: Message: tab crashed
  (Session info: chrome=139.0.7258.157)
Stacktrace:
	GetHandleVerifier [0x0x7ff7bec13d85+79397]
	GetHandleVerifier [0x0x7ff7bec13de0+79488]
	(No symbol) [0x0x7ff7be9bbf2c]
	(No symbol) [0x0x7ff7be9a969b]
	(No symbol) [0x0x7ff7be9a72cb]
	(No symbol) [0x0x7ff7be9a7d2f]
	(No symbol) [0x0x7ff7be9b695e]
	(No symbol) [0x0x7ff7be9cc921]
	(No symbol) [0x0x7ff7be9d3a8a]
	(No symbol) [0x0x7ff7be9a84cd]
	(No symbol) [0x0x7ff7be9cc0d0]
	(No symbol) [0x0x7ff7bea6321d]
	(No symbol) [0x0x7ff7bea3af73]
	(No symbol) [0x0x7ff7bea041b1]
	(No symbol) [0x0x7ff7bea04f43]
	GetHandleVerifier [0x0x7ff7beede1ed+3005069]
	GetHandleVerifier [0x0x7ff7beed831d+2980797]
	GetHandleVerifier [0x0x7ff7beef7e0d+3110573]
	GetHandleVerifier [0x0x7ff7bec2d6de+184190]
	GetHandleVerifier [0x0x7ff7bec3516f+215567]
	GetHandleVerifier [0x0x7ff7bec1c974+115220]
	GetHandleVerifier [0x0x7ff7bec1cb29+115657]
	GetHandleVerifier [0x0x7ff7bec03268+11016]
	BaseThreadInitThunk [0x0x7ffe0660259d+29]
	RtlUserThreadStart [0x0x7ffe075caf78+40]

2025-09-10 15:00:43,159 - INFO - 处理第18个职位失败: cannot access local variable 'company_url' where it is not associated with a value
2025-09-10 15:00:43,159 - INFO - 
正在处理第19个职位
2025-09-10 15:00:43,160 - INFO - 抓取职位详情页失败: Message: tab crashed
  (Session info: chrome=139.0.7258.157)
Stacktrace:
	GetHandleVerifier [0x0x7ff7bec13d85+79397]
	GetHandleVerifier [0x0x7ff7bec13de0+79488]
	(No symbol) [0x0x7ff7be9bbf2c]
	(No symbol) [0x0x7ff7be9a969b]
	(No symbol) [0x0x7ff7be9a72cb]
	(No symbol) [0x0x7ff7be9a7d2f]
	(No symbol) [0x0x7ff7be9b695e]
	(No symbol) [0x0x7ff7be9cc921]
	(No symbol) [0x0x7ff7be9d3a8a]
	(No symbol) [0x0x7ff7be9a84cd]
	(No symbol) [0x0x7ff7be9cc0d0]
	(No symbol) [0x0x7ff7bea6321d]
	(No symbol) [0x0x7ff7bea3af73]
	(No symbol) [0x0x7ff7bea041b1]
	(No symbol) [0x0x7ff7bea04f43]
	GetHandleVerifier [0x0x7ff7beede1ed+3005069]
	GetHandleVerifier [0x0x7ff7beed831d+2980797]
	GetHandleVerifier [0x0x7ff7beef7e0d+3110573]
	GetHandleVerifier [0x0x7ff7bec2d6de+184190]
	GetHandleVerifier [0x0x7ff7bec3516f+215567]
	GetHandleVerifier [0x0x7ff7bec1c974+115220]
	GetHandleVerifier [0x0x7ff7bec1cb29+115657]
	GetHandleVerifier [0x0x7ff7bec03268+11016]
	BaseThreadInitThunk [0x0x7ffe0660259d+29]
	RtlUserThreadStart [0x0x7ffe075caf78+40]

2025-09-10 15:00:43,160 - INFO - 处理第19个职位失败: cannot access local variable 'company_url' where it is not associated with a value
2025-09-10 15:00:43,160 - INFO - 
正在处理第20个职位
2025-09-10 15:00:43,161 - INFO - 抓取职位详情页失败: Message: tab crashed
  (Session info: chrome=139.0.7258.157)
Stacktrace:
	GetHandleVerifier [0x0x7ff7bec13d85+79397]
	GetHandleVerifier [0x0x7ff7bec13de0+79488]
	(No symbol) [0x0x7ff7be9bbf2c]
	(No symbol) [0x0x7ff7be9a969b]
	(No symbol) [0x0x7ff7be9a72cb]
	(No symbol) [0x0x7ff7be9a7d2f]
	(No symbol) [0x0x7ff7be9b695e]
	(No symbol) [0x0x7ff7be9cc921]
	(No symbol) [0x0x7ff7be9d3a8a]
	(No symbol) [0x0x7ff7be9a84cd]
	(No symbol) [0x0x7ff7be9cc0d0]
	(No symbol) [0x0x7ff7bea6321d]
	(No symbol) [0x0x7ff7bea3af73]
	(No symbol) [0x0x7ff7bea041b1]
	(No symbol) [0x0x7ff7bea04f43]
	GetHandleVerifier [0x0x7ff7beede1ed+3005069]
	GetHandleVerifier [0x0x7ff7beed831d+2980797]
	GetHandleVerifier [0x0x7ff7beef7e0d+3110573]
	GetHandleVerifier [0x0x7ff7bec2d6de+184190]
	GetHandleVerifier [0x0x7ff7bec3516f+215567]
	GetHandleVerifier [0x0x7ff7bec1c974+115220]
	GetHandleVerifier [0x0x7ff7bec1cb29+115657]
	GetHandleVerifier [0x0x7ff7bec03268+11016]
	BaseThreadInitThunk [0x0x7ffe0660259d+29]
	RtlUserThreadStart [0x0x7ffe075caf78+40]

2025-09-10 15:00:43,161 - INFO - 处理第20个职位失败: cannot access local variable 'company_url' where it is not associated with a value
2025-09-10 15:00:43,161 - INFO - 
正在处理第21个职位
2025-09-10 15:00:43,162 - INFO - 抓取职位详情页失败: Message: tab crashed
  (Session info: chrome=139.0.7258.157)
Stacktrace:
	GetHandleVerifier [0x0x7ff7bec13d85+79397]
	GetHandleVerifier [0x0x7ff7bec13de0+79488]
	(No symbol) [0x0x7ff7be9bbf2c]
	(No symbol) [0x0x7ff7be9a969b]
	(No symbol) [0x0x7ff7be9a72cb]
	(No symbol) [0x0x7ff7be9a7d2f]
	(No symbol) [0x0x7ff7be9b695e]
	(No symbol) [0x0x7ff7be9cc921]
	(No symbol) [0x0x7ff7be9d3a8a]
	(No symbol) [0x0x7ff7be9a84cd]
	(No symbol) [0x0x7ff7be9cc0d0]
	(No symbol) [0x0x7ff7bea6321d]
	(No symbol) [0x0x7ff7bea3af73]
	(No symbol) [0x0x7ff7bea041b1]
	(No symbol) [0x0x7ff7bea04f43]
	GetHandleVerifier [0x0x7ff7beede1ed+3005069]
	GetHandleVerifier [0x0x7ff7beed831d+2980797]
	GetHandleVerifier [0x0x7ff7beef7e0d+3110573]
	GetHandleVerifier [0x0x7ff7bec2d6de+184190]
	GetHandleVerifier [0x0x7ff7bec3516f+215567]
	GetHandleVerifier [0x0x7ff7bec1c974+115220]
	GetHandleVerifier [0x0x7ff7bec1cb29+115657]
	GetHandleVerifier [0x0x7ff7bec03268+11016]
	BaseThreadInitThunk [0x0x7ffe0660259d+29]
	RtlUserThreadStart [0x0x7ffe075caf78+40]

2025-09-10 15:00:43,163 - INFO - 处理第21个职位失败: cannot access local variable 'company_url' where it is not associated with a value
2025-09-10 15:00:43,163 - INFO - 
正在处理第22个职位
2025-09-10 15:00:43,163 - INFO - 抓取职位详情页失败: Message: tab crashed
  (Session info: chrome=139.0.7258.157)
Stacktrace:
	GetHandleVerifier [0x0x7ff7bec13d85+79397]
	GetHandleVerifier [0x0x7ff7bec13de0+79488]
	(No symbol) [0x0x7ff7be9bbf2c]
	(No symbol) [0x0x7ff7be9a969b]
	(No symbol) [0x0x7ff7be9a72cb]
	(No symbol) [0x0x7ff7be9a7d2f]
	(No symbol) [0x0x7ff7be9b695e]
	(No symbol) [0x0x7ff7be9cc921]
	(No symbol) [0x0x7ff7be9d3a8a]
	(No symbol) [0x0x7ff7be9a84cd]
	(No symbol) [0x0x7ff7be9cc0d0]
	(No symbol) [0x0x7ff7bea6321d]
	(No symbol) [0x0x7ff7bea3af73]
	(No symbol) [0x0x7ff7bea041b1]
	(No symbol) [0x0x7ff7bea04f43]
	GetHandleVerifier [0x0x7ff7beede1ed+3005069]
	GetHandleVerifier [0x0x7ff7beed831d+2980797]
	GetHandleVerifier [0x0x7ff7beef7e0d+3110573]
	GetHandleVerifier [0x0x7ff7bec2d6de+184190]
	GetHandleVerifier [0x0x7ff7bec3516f+215567]
	GetHandleVerifier [0x0x7ff7bec1c974+115220]
	GetHandleVerifier [0x0x7ff7bec1cb29+115657]
	GetHandleVerifier [0x0x7ff7bec03268+11016]
	BaseThreadInitThunk [0x0x7ffe0660259d+29]
	RtlUserThreadStart [0x0x7ffe075caf78+40]

2025-09-10 15:00:43,164 - INFO - 处理第22个职位失败: cannot access local variable 'company_url' where it is not associated with a value
2025-09-10 15:00:43,164 - INFO - 
正在处理第23个职位
2025-09-10 15:00:43,165 - INFO - 抓取职位详情页失败: Message: tab crashed
  (Session info: chrome=139.0.7258.157)
Stacktrace:
	GetHandleVerifier [0x0x7ff7bec13d85+79397]
	GetHandleVerifier [0x0x7ff7bec13de0+79488]
	(No symbol) [0x0x7ff7be9bbf2c]
	(No symbol) [0x0x7ff7be9a969b]
	(No symbol) [0x0x7ff7be9a72cb]
	(No symbol) [0x0x7ff7be9a7d2f]
	(No symbol) [0x0x7ff7be9b695e]
	(No symbol) [0x0x7ff7be9cc921]
	(No symbol) [0x0x7ff7be9d3a8a]
	(No symbol) [0x0x7ff7be9a84cd]
	(No symbol) [0x0x7ff7be9cc0d0]
	(No symbol) [0x0x7ff7bea6321d]
	(No symbol) [0x0x7ff7bea3af73]
	(No symbol) [0x0x7ff7bea041b1]
	(No symbol) [0x0x7ff7bea04f43]
	GetHandleVerifier [0x0x7ff7beede1ed+3005069]
	GetHandleVerifier [0x0x7ff7beed831d+2980797]
	GetHandleVerifier [0x0x7ff7beef7e0d+3110573]
	GetHandleVerifier [0x0x7ff7bec2d6de+184190]
	GetHandleVerifier [0x0x7ff7bec3516f+215567]
	GetHandleVerifier [0x0x7ff7bec1c974+115220]
	GetHandleVerifier [0x0x7ff7bec1cb29+115657]
	GetHandleVerifier [0x0x7ff7bec03268+11016]
	BaseThreadInitThunk [0x0x7ffe0660259d+29]
	RtlUserThreadStart [0x0x7ffe075caf78+40]

2025-09-10 15:00:43,165 - INFO - 处理第23个职位失败: cannot access local variable 'company_url' where it is not associated with a value
2025-09-10 15:00:43,165 - INFO - 
正在处理第24个职位
2025-09-10 15:00:43,166 - INFO - 抓取职位详情页失败: Message: tab crashed
  (Session info: chrome=139.0.7258.157)
Stacktrace:
	GetHandleVerifier [0x0x7ff7bec13d85+79397]
	GetHandleVerifier [0x0x7ff7bec13de0+79488]
	(No symbol) [0x0x7ff7be9bbf2c]
	(No symbol) [0x0x7ff7be9a969b]
	(No symbol) [0x0x7ff7be9a72cb]
	(No symbol) [0x0x7ff7be9a7d2f]
	(No symbol) [0x0x7ff7be9b695e]
	(No symbol) [0x0x7ff7be9cc921]
	(No symbol) [0x0x7ff7be9d3a8a]
	(No symbol) [0x0x7ff7be9a84cd]
	(No symbol) [0x0x7ff7be9cc0d0]
	(No symbol) [0x0x7ff7bea6321d]
	(No symbol) [0x0x7ff7bea3af73]
	(No symbol) [0x0x7ff7bea041b1]
	(No symbol) [0x0x7ff7bea04f43]
	GetHandleVerifier [0x0x7ff7beede1ed+3005069]
	GetHandleVerifier [0x0x7ff7beed831d+2980797]
	GetHandleVerifier [0x0x7ff7beef7e0d+3110573]
	GetHandleVerifier [0x0x7ff7bec2d6de+184190]
	GetHandleVerifier [0x0x7ff7bec3516f+215567]
	GetHandleVerifier [0x0x7ff7bec1c974+115220]
	GetHandleVerifier [0x0x7ff7bec1cb29+115657]
	GetHandleVerifier [0x0x7ff7bec03268+11016]
	BaseThreadInitThunk [0x0x7ffe0660259d+29]
	RtlUserThreadStart [0x0x7ffe075caf78+40]

2025-09-10 15:00:43,167 - INFO - 处理第24个职位失败: cannot access local variable 'company_url' where it is not associated with a value
2025-09-10 15:00:43,167 - INFO - 
正在处理第25个职位
2025-09-10 15:00:43,167 - INFO - 抓取职位详情页失败: Message: tab crashed
  (Session info: chrome=139.0.7258.157)
Stacktrace:
	GetHandleVerifier [0x0x7ff7bec13d85+79397]
	GetHandleVerifier [0x0x7ff7bec13de0+79488]
	(No symbol) [0x0x7ff7be9bbf2c]
	(No symbol) [0x0x7ff7be9a969b]
	(No symbol) [0x0x7ff7be9a72cb]
	(No symbol) [0x0x7ff7be9a7d2f]
	(No symbol) [0x0x7ff7be9b695e]
	(No symbol) [0x0x7ff7be9cc921]
	(No symbol) [0x0x7ff7be9d3a8a]
	(No symbol) [0x0x7ff7be9a84cd]
	(No symbol) [0x0x7ff7be9cc0d0]
	(No symbol) [0x0x7ff7bea6321d]
	(No symbol) [0x0x7ff7bea3af73]
	(No symbol) [0x0x7ff7bea041b1]
	(No symbol) [0x0x7ff7bea04f43]
	GetHandleVerifier [0x0x7ff7beede1ed+3005069]
	GetHandleVerifier [0x0x7ff7beed831d+2980797]
	GetHandleVerifier [0x0x7ff7beef7e0d+3110573]
	GetHandleVerifier [0x0x7ff7bec2d6de+184190]
	GetHandleVerifier [0x0x7ff7bec3516f+215567]
	GetHandleVerifier [0x0x7ff7bec1c974+115220]
	GetHandleVerifier [0x0x7ff7bec1cb29+115657]
	GetHandleVerifier [0x0x7ff7bec03268+11016]
	BaseThreadInitThunk [0x0x7ffe0660259d+29]
	RtlUserThreadStart [0x0x7ffe075caf78+40]

2025-09-10 15:00:43,168 - INFO - 处理第25个职位失败: cannot access local variable 'company_url' where it is not associated with a value
2025-09-10 15:00:43,168 - INFO - 
正在处理第26个职位
2025-09-10 15:00:43,169 - INFO - 抓取职位详情页失败: Message: tab crashed
  (Session info: chrome=139.0.7258.157)
Stacktrace:
	GetHandleVerifier [0x0x7ff7bec13d85+79397]
	GetHandleVerifier [0x0x7ff7bec13de0+79488]
	(No symbol) [0x0x7ff7be9bbf2c]
	(No symbol) [0x0x7ff7be9a969b]
	(No symbol) [0x0x7ff7be9a72cb]
	(No symbol) [0x0x7ff7be9a7d2f]
	(No symbol) [0x0x7ff7be9b695e]
	(No symbol) [0x0x7ff7be9cc921]
	(No symbol) [0x0x7ff7be9d3a8a]
	(No symbol) [0x0x7ff7be9a84cd]
	(No symbol) [0x0x7ff7be9cc0d0]
	(No symbol) [0x0x7ff7bea6321d]
	(No symbol) [0x0x7ff7bea3af73]
	(No symbol) [0x0x7ff7bea041b1]
	(No symbol) [0x0x7ff7bea04f43]
	GetHandleVerifier [0x0x7ff7beede1ed+3005069]
	GetHandleVerifier [0x0x7ff7beed831d+2980797]
	GetHandleVerifier [0x0x7ff7beef7e0d+3110573]
	GetHandleVerifier [0x0x7ff7bec2d6de+184190]
	GetHandleVerifier [0x0x7ff7bec3516f+215567]
	GetHandleVerifier [0x0x7ff7bec1c974+115220]
	GetHandleVerifier [0x0x7ff7bec1cb29+115657]
	GetHandleVerifier [0x0x7ff7bec03268+11016]
	BaseThreadInitThunk [0x0x7ffe0660259d+29]
	RtlUserThreadStart [0x0x7ffe075caf78+40]

2025-09-10 15:00:43,169 - INFO - 处理第26个职位失败: cannot access local variable 'company_url' where it is not associated with a value
2025-09-10 15:00:43,169 - INFO - 
正在处理第27个职位
2025-09-10 15:00:43,170 - INFO - 抓取职位详情页失败: Message: tab crashed
  (Session info: chrome=139.0.7258.157)
Stacktrace:
	GetHandleVerifier [0x0x7ff7bec13d85+79397]
	GetHandleVerifier [0x0x7ff7bec13de0+79488]
	(No symbol) [0x0x7ff7be9bbf2c]
	(No symbol) [0x0x7ff7be9a969b]
	(No symbol) [0x0x7ff7be9a72cb]
	(No symbol) [0x0x7ff7be9a7d2f]
	(No symbol) [0x0x7ff7be9b695e]
	(No symbol) [0x0x7ff7be9cc921]
	(No symbol) [0x0x7ff7be9d3a8a]
	(No symbol) [0x0x7ff7be9a84cd]
	(No symbol) [0x0x7ff7be9cc0d0]
	(No symbol) [0x0x7ff7bea6321d]
	(No symbol) [0x0x7ff7bea3af73]
	(No symbol) [0x0x7ff7bea041b1]
	(No symbol) [0x0x7ff7bea04f43]
	GetHandleVerifier [0x0x7ff7beede1ed+3005069]
	GetHandleVerifier [0x0x7ff7beed831d+2980797]
	GetHandleVerifier [0x0x7ff7beef7e0d+3110573]
	GetHandleVerifier [0x0x7ff7bec2d6de+184190]
	GetHandleVerifier [0x0x7ff7bec3516f+215567]
	GetHandleVerifier [0x0x7ff7bec1c974+115220]
	GetHandleVerifier [0x0x7ff7bec1cb29+115657]
	GetHandleVerifier [0x0x7ff7bec03268+11016]
	BaseThreadInitThunk [0x0x7ffe0660259d+29]
	RtlUserThreadStart [0x0x7ffe075caf78+40]

2025-09-10 15:00:43,170 - INFO - 处理第27个职位失败: cannot access local variable 'company_url' where it is not associated with a value
2025-09-10 15:00:43,171 - INFO - 
正在处理第28个职位
2025-09-10 15:00:43,171 - INFO - 抓取职位详情页失败: Message: tab crashed
  (Session info: chrome=139.0.7258.157)
Stacktrace:
	GetHandleVerifier [0x0x7ff7bec13d85+79397]
	GetHandleVerifier [0x0x7ff7bec13de0+79488]
	(No symbol) [0x0x7ff7be9bbf2c]
	(No symbol) [0x0x7ff7be9a969b]
	(No symbol) [0x0x7ff7be9a72cb]
	(No symbol) [0x0x7ff7be9a7d2f]
	(No symbol) [0x0x7ff7be9b695e]
	(No symbol) [0x0x7ff7be9cc921]
	(No symbol) [0x0x7ff7be9d3a8a]
	(No symbol) [0x0x7ff7be9a84cd]
	(No symbol) [0x0x7ff7be9cc0d0]
	(No symbol) [0x0x7ff7bea6321d]
	(No symbol) [0x0x7ff7bea3af73]
	(No symbol) [0x0x7ff7bea041b1]
	(No symbol) [0x0x7ff7bea04f43]
	GetHandleVerifier [0x0x7ff7beede1ed+3005069]
	GetHandleVerifier [0x0x7ff7beed831d+2980797]
	GetHandleVerifier [0x0x7ff7beef7e0d+3110573]
	GetHandleVerifier [0x0x7ff7bec2d6de+184190]
	GetHandleVerifier [0x0x7ff7bec3516f+215567]
	GetHandleVerifier [0x0x7ff7bec1c974+115220]
	GetHandleVerifier [0x0x7ff7bec1cb29+115657]
	GetHandleVerifier [0x0x7ff7bec03268+11016]
	BaseThreadInitThunk [0x0x7ffe0660259d+29]
	RtlUserThreadStart [0x0x7ffe075caf78+40]

2025-09-10 15:00:43,172 - INFO - 处理第28个职位失败: cannot access local variable 'company_url' where it is not associated with a value
2025-09-10 15:00:43,172 - INFO - 
正在处理第29个职位
2025-09-10 15:00:43,173 - INFO - 抓取职位详情页失败: Message: tab crashed
  (Session info: chrome=139.0.7258.157)
Stacktrace:
	GetHandleVerifier [0x0x7ff7bec13d85+79397]
	GetHandleVerifier [0x0x7ff7bec13de0+79488]
	(No symbol) [0x0x7ff7be9bbf2c]
	(No symbol) [0x0x7ff7be9a969b]
	(No symbol) [0x0x7ff7be9a72cb]
	(No symbol) [0x0x7ff7be9a7d2f]
	(No symbol) [0x0x7ff7be9b695e]
	(No symbol) [0x0x7ff7be9cc921]
	(No symbol) [0x0x7ff7be9d3a8a]
	(No symbol) [0x0x7ff7be9a84cd]
	(No symbol) [0x0x7ff7be9cc0d0]
	(No symbol) [0x0x7ff7bea6321d]
	(No symbol) [0x0x7ff7bea3af73]
	(No symbol) [0x0x7ff7bea041b1]
	(No symbol) [0x0x7ff7bea04f43]
	GetHandleVerifier [0x0x7ff7beede1ed+3005069]
	GetHandleVerifier [0x0x7ff7beed831d+2980797]
	GetHandleVerifier [0x0x7ff7beef7e0d+3110573]
	GetHandleVerifier [0x0x7ff7bec2d6de+184190]
	GetHandleVerifier [0x0x7ff7bec3516f+215567]
	GetHandleVerifier [0x0x7ff7bec1c974+115220]
	GetHandleVerifier [0x0x7ff7bec1cb29+115657]
	GetHandleVerifier [0x0x7ff7bec03268+11016]
	BaseThreadInitThunk [0x0x7ffe0660259d+29]
	RtlUserThreadStart [0x0x7ffe075caf78+40]

2025-09-10 15:00:43,173 - INFO - 处理第29个职位失败: cannot access local variable 'company_url' where it is not associated with a value
2025-09-10 15:00:43,173 - INFO - 
正在处理第30个职位
2025-09-10 15:00:43,174 - INFO - 抓取职位详情页失败: Message: tab crashed
  (Session info: chrome=139.0.7258.157)
Stacktrace:
	GetHandleVerifier [0x0x7ff7bec13d85+79397]
	GetHandleVerifier [0x0x7ff7bec13de0+79488]
	(No symbol) [0x0x7ff7be9bbf2c]
	(No symbol) [0x0x7ff7be9a969b]
	(No symbol) [0x0x7ff7be9a72cb]
	(No symbol) [0x0x7ff7be9a7d2f]
	(No symbol) [0x0x7ff7be9b695e]
	(No symbol) [0x0x7ff7be9cc921]
	(No symbol) [0x0x7ff7be9d3a8a]
	(No symbol) [0x0x7ff7be9a84cd]
	(No symbol) [0x0x7ff7be9cc0d0]
	(No symbol) [0x0x7ff7bea6321d]
	(No symbol) [0x0x7ff7bea3af73]
	(No symbol) [0x0x7ff7bea041b1]
	(No symbol) [0x0x7ff7bea04f43]
	GetHandleVerifier [0x0x7ff7beede1ed+3005069]
	GetHandleVerifier [0x0x7ff7beed831d+2980797]
	GetHandleVerifier [0x0x7ff7beef7e0d+3110573]
	GetHandleVerifier [0x0x7ff7bec2d6de+184190]
	GetHandleVerifier [0x0x7ff7bec3516f+215567]
	GetHandleVerifier [0x0x7ff7bec1c974+115220]
	GetHandleVerifier [0x0x7ff7bec1cb29+115657]
	GetHandleVerifier [0x0x7ff7bec03268+11016]
	BaseThreadInitThunk [0x0x7ffe0660259d+29]
	RtlUserThreadStart [0x0x7ffe075caf78+40]

2025-09-10 15:00:43,174 - INFO - 处理第30个职位失败: cannot access local variable 'company_url' where it is not associated with a value
2025-09-10 15:00:43,175 - INFO - 
正在处理第31个职位
2025-09-10 15:00:43,175 - INFO - 抓取职位详情页失败: Message: tab crashed
  (Session info: chrome=139.0.7258.157)
Stacktrace:
	GetHandleVerifier [0x0x7ff7bec13d85+79397]
	GetHandleVerifier [0x0x7ff7bec13de0+79488]
	(No symbol) [0x0x7ff7be9bbf2c]
	(No symbol) [0x0x7ff7be9a969b]
	(No symbol) [0x0x7ff7be9a72cb]
	(No symbol) [0x0x7ff7be9a7d2f]
	(No symbol) [0x0x7ff7be9b695e]
	(No symbol) [0x0x7ff7be9cc921]
	(No symbol) [0x0x7ff7be9d3a8a]
	(No symbol) [0x0x7ff7be9a84cd]
	(No symbol) [0x0x7ff7be9cc0d0]
	(No symbol) [0x0x7ff7bea6321d]
	(No symbol) [0x0x7ff7bea3af73]
	(No symbol) [0x0x7ff7bea041b1]
	(No symbol) [0x0x7ff7bea04f43]
	GetHandleVerifier [0x0x7ff7beede1ed+3005069]
	GetHandleVerifier [0x0x7ff7beed831d+2980797]
	GetHandleVerifier [0x0x7ff7beef7e0d+3110573]
	GetHandleVerifier [0x0x7ff7bec2d6de+184190]
	GetHandleVerifier [0x0x7ff7bec3516f+215567]
	GetHandleVerifier [0x0x7ff7bec1c974+115220]
	GetHandleVerifier [0x0x7ff7bec1cb29+115657]
	GetHandleVerifier [0x0x7ff7bec03268+11016]
	BaseThreadInitThunk [0x0x7ffe0660259d+29]
	RtlUserThreadStart [0x0x7ffe075caf78+40]

2025-09-10 15:00:43,176 - INFO - 处理第31个职位失败: cannot access local variable 'company_url' where it is not associated with a value
2025-09-10 15:00:43,176 - INFO - 
正在处理第32个职位
2025-09-10 15:00:43,177 - INFO - 抓取职位详情页失败: Message: tab crashed
  (Session info: chrome=139.0.7258.157)
Stacktrace:
	GetHandleVerifier [0x0x7ff7bec13d85+79397]
	GetHandleVerifier [0x0x7ff7bec13de0+79488]
	(No symbol) [0x0x7ff7be9bbf2c]
	(No symbol) [0x0x7ff7be9a969b]
	(No symbol) [0x0x7ff7be9a72cb]
	(No symbol) [0x0x7ff7be9a7d2f]
	(No symbol) [0x0x7ff7be9b695e]
	(No symbol) [0x0x7ff7be9cc921]
	(No symbol) [0x0x7ff7be9d3a8a]
	(No symbol) [0x0x7ff7be9a84cd]
	(No symbol) [0x0x7ff7be9cc0d0]
	(No symbol) [0x0x7ff7bea6321d]
	(No symbol) [0x0x7ff7bea3af73]
	(No symbol) [0x0x7ff7bea041b1]
	(No symbol) [0x0x7ff7bea04f43]
	GetHandleVerifier [0x0x7ff7beede1ed+3005069]
	GetHandleVerifier [0x0x7ff7beed831d+2980797]
	GetHandleVerifier [0x0x7ff7beef7e0d+3110573]
	GetHandleVerifier [0x0x7ff7bec2d6de+184190]
	GetHandleVerifier [0x0x7ff7bec3516f+215567]
	GetHandleVerifier [0x0x7ff7bec1c974+115220]
	GetHandleVerifier [0x0x7ff7bec1cb29+115657]
	GetHandleVerifier [0x0x7ff7bec03268+11016]
	BaseThreadInitThunk [0x0x7ffe0660259d+29]
	RtlUserThreadStart [0x0x7ffe075caf78+40]

2025-09-10 15:00:43,177 - INFO - 处理第32个职位失败: cannot access local variable 'company_url' where it is not associated with a value
2025-09-10 15:00:43,177 - INFO - 
正在处理第33个职位
2025-09-10 15:00:43,178 - INFO - 抓取职位详情页失败: Message: tab crashed
  (Session info: chrome=139.0.7258.157)
Stacktrace:
	GetHandleVerifier [0x0x7ff7bec13d85+79397]
	GetHandleVerifier [0x0x7ff7bec13de0+79488]
	(No symbol) [0x0x7ff7be9bbf2c]
	(No symbol) [0x0x7ff7be9a969b]
	(No symbol) [0x0x7ff7be9a72cb]
	(No symbol) [0x0x7ff7be9a7d2f]
	(No symbol) [0x0x7ff7be9b695e]
	(No symbol) [0x0x7ff7be9cc921]
	(No symbol) [0x0x7ff7be9d3a8a]
	(No symbol) [0x0x7ff7be9a84cd]
	(No symbol) [0x0x7ff7be9cc0d0]
	(No symbol) [0x0x7ff7bea6321d]
	(No symbol) [0x0x7ff7bea3af73]
	(No symbol) [0x0x7ff7bea041b1]
	(No symbol) [0x0x7ff7bea04f43]
	GetHandleVerifier [0x0x7ff7beede1ed+3005069]
	GetHandleVerifier [0x0x7ff7beed831d+2980797]
	GetHandleVerifier [0x0x7ff7beef7e0d+3110573]
	GetHandleVerifier [0x0x7ff7bec2d6de+184190]
	GetHandleVerifier [0x0x7ff7bec3516f+215567]
	GetHandleVerifier [0x0x7ff7bec1c974+115220]
	GetHandleVerifier [0x0x7ff7bec1cb29+115657]
	GetHandleVerifier [0x0x7ff7bec03268+11016]
	BaseThreadInitThunk [0x0x7ffe0660259d+29]
	RtlUserThreadStart [0x0x7ffe075caf78+40]

2025-09-10 15:00:43,178 - INFO - 处理第33个职位失败: cannot access local variable 'company_url' where it is not associated with a value
2025-09-10 15:00:43,178 - INFO - 
正在处理第34个职位
2025-09-10 15:00:43,179 - INFO - 抓取职位详情页失败: Message: tab crashed
  (Session info: chrome=139.0.7258.157)
Stacktrace:
	GetHandleVerifier [0x0x7ff7bec13d85+79397]
	GetHandleVerifier [0x0x7ff7bec13de0+79488]
	(No symbol) [0x0x7ff7be9bbf2c]
	(No symbol) [0x0x7ff7be9a969b]
	(No symbol) [0x0x7ff7be9a72cb]
	(No symbol) [0x0x7ff7be9a7d2f]
	(No symbol) [0x0x7ff7be9b695e]
	(No symbol) [0x0x7ff7be9cc921]
	(No symbol) [0x0x7ff7be9d3a8a]
	(No symbol) [0x0x7ff7be9a84cd]
	(No symbol) [0x0x7ff7be9cc0d0]
	(No symbol) [0x0x7ff7bea6321d]
	(No symbol) [0x0x7ff7bea3af73]
	(No symbol) [0x0x7ff7bea041b1]
	(No symbol) [0x0x7ff7bea04f43]
	GetHandleVerifier [0x0x7ff7beede1ed+3005069]
	GetHandleVerifier [0x0x7ff7beed831d+2980797]
	GetHandleVerifier [0x0x7ff7beef7e0d+3110573]
	GetHandleVerifier [0x0x7ff7bec2d6de+184190]
	GetHandleVerifier [0x0x7ff7bec3516f+215567]
	GetHandleVerifier [0x0x7ff7bec1c974+115220]
	GetHandleVerifier [0x0x7ff7bec1cb29+115657]
	GetHandleVerifier [0x0x7ff7bec03268+11016]
	BaseThreadInitThunk [0x0x7ffe0660259d+29]
	RtlUserThreadStart [0x0x7ffe075caf78+40]

2025-09-10 15:00:43,179 - INFO - 处理第34个职位失败: cannot access local variable 'company_url' where it is not associated with a value
2025-09-10 15:00:43,180 - INFO - 
正在处理第35个职位
2025-09-10 15:00:43,180 - INFO - 抓取职位详情页失败: Message: tab crashed
  (Session info: chrome=139.0.7258.157)
Stacktrace:
	GetHandleVerifier [0x0x7ff7bec13d85+79397]
	GetHandleVerifier [0x0x7ff7bec13de0+79488]
	(No symbol) [0x0x7ff7be9bbf2c]
	(No symbol) [0x0x7ff7be9a969b]
	(No symbol) [0x0x7ff7be9a72cb]
	(No symbol) [0x0x7ff7be9a7d2f]
	(No symbol) [0x0x7ff7be9b695e]
	(No symbol) [0x0x7ff7be9cc921]
	(No symbol) [0x0x7ff7be9d3a8a]
	(No symbol) [0x0x7ff7be9a84cd]
	(No symbol) [0x0x7ff7be9cc0d0]
	(No symbol) [0x0x7ff7bea6321d]
	(No symbol) [0x0x7ff7bea3af73]
	(No symbol) [0x0x7ff7bea041b1]
	(No symbol) [0x0x7ff7bea04f43]
	GetHandleVerifier [0x0x7ff7beede1ed+3005069]
	GetHandleVerifier [0x0x7ff7beed831d+2980797]
	GetHandleVerifier [0x0x7ff7beef7e0d+3110573]
	GetHandleVerifier [0x0x7ff7bec2d6de+184190]
	GetHandleVerifier [0x0x7ff7bec3516f+215567]
	GetHandleVerifier [0x0x7ff7bec1c974+115220]
	GetHandleVerifier [0x0x7ff7bec1cb29+115657]
	GetHandleVerifier [0x0x7ff7bec03268+11016]
	BaseThreadInitThunk [0x0x7ffe0660259d+29]
	RtlUserThreadStart [0x0x7ffe075caf78+40]

2025-09-10 15:00:43,181 - INFO - 处理第35个职位失败: cannot access local variable 'company_url' where it is not associated with a value
2025-09-10 15:00:43,181 - INFO - 第 1 页成功抓取到 4 个职位
2025-09-10 15:00:43,181 - INFO - 当前总计抓取职位数: 4
2025-09-10 15:00:43,181 - INFO - 等待 1 秒后继续下一页...
2025-09-10 15:00:44,182 - INFO - 
--- 正在抓取第 2 页 ---
2025-09-10 15:00:44,182 - INFO - URL: https://sh.58.com/hulianwangtx/pn2/?pid=864521438330781696&PGTID=0d365063-0000-26ed-4562-367532412920&ClickID=1
2025-09-10 15:00:44,182 - INFO - 正在访问: https://sh.58.com/hulianwangtx/pn2/?pid=864521438330781696&PGTID=0d365063-0000-26ed-4562-367532412920&ClickID=1
2025-09-10 15:00:44,183 - INFO - 抓取第 2 页时出错: Message: tab crashed
  (Session info: chrome=139.0.7258.157)
Stacktrace:
	GetHandleVerifier [0x0x7ff7bec13d85+79397]
	GetHandleVerifier [0x0x7ff7bec13de0+79488]
	(No symbol) [0x0x7ff7be9bbf2c]
	(No symbol) [0x0x7ff7be9a969b]
	(No symbol) [0x0x7ff7be9a72cb]
	(No symbol) [0x0x7ff7be9a7d2f]
	(No symbol) [0x0x7ff7be9b695e]
	(No symbol) [0x0x7ff7be9cc921]
	(No symbol) [0x0x7ff7be9d3a8a]
	(No symbol) [0x0x7ff7be9a84cd]
	(No symbol) [0x0x7ff7be9cc0d0]
	(No symbol) [0x0x7ff7bea6321d]
	(No symbol) [0x0x7ff7bea3af73]
	(No symbol) [0x0x7ff7bea041b1]
	(No symbol) [0x0x7ff7bea04f43]
	GetHandleVerifier [0x0x7ff7beede1ed+3005069]
	GetHandleVerifier [0x0x7ff7beed831d+2980797]
	GetHandleVerifier [0x0x7ff7beef7e0d+3110573]
	GetHandleVerifier [0x0x7ff7bec2d6de+184190]
	GetHandleVerifier [0x0x7ff7bec3516f+215567]
	GetHandleVerifier [0x0x7ff7bec1c974+115220]
	GetHandleVerifier [0x0x7ff7bec1cb29+115657]
	GetHandleVerifier [0x0x7ff7bec03268+11016]
	BaseThreadInitThunk [0x0x7ffe0660259d+29]
	RtlUserThreadStart [0x0x7ffe075caf78+40]

2025-09-10 15:00:44,184 - INFO - 
--- 正在抓取第 3 页 ---
2025-09-10 15:00:44,184 - INFO - URL: https://sh.58.com/hulianwangtx/pn3/?pid=864521438330781696&PGTID=0d365063-0000-2df1-1233-2d7930252e17&ClickID=1
2025-09-10 15:00:44,184 - INFO - 正在访问: https://sh.58.com/hulianwangtx/pn3/?pid=864521438330781696&PGTID=0d365063-0000-2df1-1233-2d7930252e17&ClickID=1
2025-09-10 15:00:44,186 - INFO - 抓取第 3 页时出错: Message: tab crashed
  (Session info: chrome=139.0.7258.157)
Stacktrace:
	GetHandleVerifier [0x0x7ff7bec13d85+79397]
	GetHandleVerifier [0x0x7ff7bec13de0+79488]
	(No symbol) [0x0x7ff7be9bbf2c]
	(No symbol) [0x0x7ff7be9a969b]
	(No symbol) [0x0x7ff7be9a72cb]
	(No symbol) [0x0x7ff7be9a7d2f]
	(No symbol) [0x0x7ff7be9b695e]
	(No symbol) [0x0x7ff7be9cc921]
	(No symbol) [0x0x7ff7be9d3a8a]
	(No symbol) [0x0x7ff7be9a84cd]
	(No symbol) [0x0x7ff7be9cc0d0]
	(No symbol) [0x0x7ff7bea6321d]
	(No symbol) [0x0x7ff7bea3af73]
	(No symbol) [0x0x7ff7bea041b1]
	(No symbol) [0x0x7ff7bea04f43]
	GetHandleVerifier [0x0x7ff7beede1ed+3005069]
	GetHandleVerifier [0x0x7ff7beed831d+2980797]
	GetHandleVerifier [0x0x7ff7beef7e0d+3110573]
	GetHandleVerifier [0x0x7ff7bec2d6de+184190]
	GetHandleVerifier [0x0x7ff7bec3516f+215567]
	GetHandleVerifier [0x0x7ff7bec1c974+115220]
	GetHandleVerifier [0x0x7ff7bec1cb29+115657]
	GetHandleVerifier [0x0x7ff7bec03268+11016]
	BaseThreadInitThunk [0x0x7ffe0660259d+29]
	RtlUserThreadStart [0x0x7ffe075caf78+40]

2025-09-10 15:00:44,186 - INFO - 
--- 正在抓取第 4 页 ---
2025-09-10 15:00:44,186 - INFO - URL: https://sh.58.com/hulianwangtx/pn4/?pid=864521438330781696&PGTID=0d365063-0000-2f9d-d246-297988813e5a&ClickID=1
2025-09-10 15:00:44,186 - INFO - 正在访问: https://sh.58.com/hulianwangtx/pn4/?pid=864521438330781696&PGTID=0d365063-0000-2f9d-d246-297988813e5a&ClickID=1
2025-09-10 15:00:44,187 - INFO - 抓取第 4 页时出错: Message: tab crashed
  (Session info: chrome=139.0.7258.157)
Stacktrace:
	GetHandleVerifier [0x0x7ff7bec13d85+79397]
	GetHandleVerifier [0x0x7ff7bec13de0+79488]
	(No symbol) [0x0x7ff7be9bbf2c]
	(No symbol) [0x0x7ff7be9a969b]
	(No symbol) [0x0x7ff7be9a72cb]
	(No symbol) [0x0x7ff7be9a7d2f]
	(No symbol) [0x0x7ff7be9b695e]
	(No symbol) [0x0x7ff7be9cc921]
	(No symbol) [0x0x7ff7be9d3a8a]
	(No symbol) [0x0x7ff7be9a84cd]
	(No symbol) [0x0x7ff7be9cc0d0]
	(No symbol) [0x0x7ff7bea6321d]
	(No symbol) [0x0x7ff7bea3af73]
	(No symbol) [0x0x7ff7bea041b1]
	(No symbol) [0x0x7ff7bea04f43]
	GetHandleVerifier [0x0x7ff7beede1ed+3005069]
	GetHandleVerifier [0x0x7ff7beed831d+2980797]
	GetHandleVerifier [0x0x7ff7beef7e0d+3110573]
	GetHandleVerifier [0x0x7ff7bec2d6de+184190]
	GetHandleVerifier [0x0x7ff7bec3516f+215567]
	GetHandleVerifier [0x0x7ff7bec1c974+115220]
	GetHandleVerifier [0x0x7ff7bec1cb29+115657]
	GetHandleVerifier [0x0x7ff7bec03268+11016]
	BaseThreadInitThunk [0x0x7ffe0660259d+29]
	RtlUserThreadStart [0x0x7ffe075caf78+40]

2025-09-10 15:00:44,188 - INFO - 
--- 正在抓取第 5 页 ---
2025-09-10 15:00:44,188 - INFO - URL: https://sh.58.com/hulianwangtx/pn5/?pid=864521438330781696&PGTID=0d365063-0000-2d0e-6d61-0e8b47746a5f&ClickID=1
2025-09-10 15:00:44,188 - INFO - 正在访问: https://sh.58.com/hulianwangtx/pn5/?pid=864521438330781696&PGTID=0d365063-0000-2d0e-6d61-0e8b47746a5f&ClickID=1
2025-09-10 15:00:44,189 - INFO - 抓取第 5 页时出错: Message: tab crashed
  (Session info: chrome=139.0.7258.157)
Stacktrace:
	GetHandleVerifier [0x0x7ff7bec13d85+79397]
	GetHandleVerifier [0x0x7ff7bec13de0+79488]
	(No symbol) [0x0x7ff7be9bbf2c]
	(No symbol) [0x0x7ff7be9a969b]
	(No symbol) [0x0x7ff7be9a72cb]
	(No symbol) [0x0x7ff7be9a7d2f]
	(No symbol) [0x0x7ff7be9b695e]
	(No symbol) [0x0x7ff7be9cc921]
	(No symbol) [0x0x7ff7be9d3a8a]
	(No symbol) [0x0x7ff7be9a84cd]
	(No symbol) [0x0x7ff7be9cc0d0]
	(No symbol) [0x0x7ff7bea6321d]
	(No symbol) [0x0x7ff7bea3af73]
	(No symbol) [0x0x7ff7bea041b1]
	(No symbol) [0x0x7ff7bea04f43]
	GetHandleVerifier [0x0x7ff7beede1ed+3005069]
	GetHandleVerifier [0x0x7ff7beed831d+2980797]
	GetHandleVerifier [0x0x7ff7beef7e0d+3110573]
	GetHandleVerifier [0x0x7ff7bec2d6de+184190]
	GetHandleVerifier [0x0x7ff7bec3516f+215567]
	GetHandleVerifier [0x0x7ff7bec1c974+115220]
	GetHandleVerifier [0x0x7ff7bec1cb29+115657]
	GetHandleVerifier [0x0x7ff7bec03268+11016]
	BaseThreadInitThunk [0x0x7ffe0660259d+29]
	RtlUserThreadStart [0x0x7ffe075caf78+40]

2025-09-10 15:00:44,189 - INFO - 
=== 多页抓取完成，总共抓取到 4 个职位 ===
2025-09-10 15:00:44,190 - INFO - 上海成功抓取到 4 个职位信息
2025-09-10 15:00:44,190 - INFO - 
开始抓取广州的职位信息（前5页，当前页所有职位）...
2025-09-10 15:00:44,190 - INFO - 
=== 开始生成 5 页的URL列表 ===
2025-09-10 15:00:44,190 - INFO - 第 1 页URL: https://gz.58.com/hulianwangtx/
2025-09-10 15:00:44,191 - INFO - 广州抓取出错: Message: tab crashed
  (Session info: chrome=139.0.7258.157)
Stacktrace:
	GetHandleVerifier [0x0x7ff7bec13d85+79397]
	GetHandleVerifier [0x0x7ff7bec13de0+79488]
	(No symbol) [0x0x7ff7be9bbf2c]
	(No symbol) [0x0x7ff7be9a969b]
	(No symbol) [0x0x7ff7be9a72cb]
	(No symbol) [0x0x7ff7be9a7d2f]
	(No symbol) [0x0x7ff7be9b695e]
	(No symbol) [0x0x7ff7be9cc921]
	(No symbol) [0x0x7ff7be9d3a8a]
	(No symbol) [0x0x7ff7be9a84cd]
	(No symbol) [0x0x7ff7be9cc0d0]
	(No symbol) [0x0x7ff7bea6321d]
	(No symbol) [0x0x7ff7bea3af73]
	(No symbol) [0x0x7ff7bea041b1]
	(No symbol) [0x0x7ff7bea04f43]
	GetHandleVerifier [0x0x7ff7beede1ed+3005069]
	GetHandleVerifier [0x0x7ff7beed831d+2980797]
	GetHandleVerifier [0x0x7ff7beef7e0d+3110573]
	GetHandleVerifier [0x0x7ff7bec2d6de+184190]
	GetHandleVerifier [0x0x7ff7bec3516f+215567]
	GetHandleVerifier [0x0x7ff7bec1c974+115220]
	GetHandleVerifier [0x0x7ff7bec1cb29+115657]
	GetHandleVerifier [0x0x7ff7bec03268+11016]
	BaseThreadInitThunk [0x0x7ffe0660259d+29]
	RtlUserThreadStart [0x0x7ffe075caf78+40]

2025-09-10 15:00:44,191 - INFO - 
开始抓取深圳的职位信息（前5页，当前页所有职位）...
2025-09-10 15:00:44,191 - INFO - 
=== 开始生成 5 页的URL列表 ===
2025-09-10 15:00:44,191 - INFO - 第 1 页URL: https://sz.58.com/hulianwangtx/
2025-09-10 15:00:44,192 - INFO - 深圳抓取出错: Message: tab crashed
  (Session info: chrome=139.0.7258.157)
Stacktrace:
	GetHandleVerifier [0x0x7ff7bec13d85+79397]
	GetHandleVerifier [0x0x7ff7bec13de0+79488]
	(No symbol) [0x0x7ff7be9bbf2c]
	(No symbol) [0x0x7ff7be9a969b]
	(No symbol) [0x0x7ff7be9a72cb]
	(No symbol) [0x0x7ff7be9a7d2f]
	(No symbol) [0x0x7ff7be9b695e]
	(No symbol) [0x0x7ff7be9cc921]
	(No symbol) [0x0x7ff7be9d3a8a]
	(No symbol) [0x0x7ff7be9a84cd]
	(No symbol) [0x0x7ff7be9cc0d0]
	(No symbol) [0x0x7ff7bea6321d]
	(No symbol) [0x0x7ff7bea3af73]
	(No symbol) [0x0x7ff7bea041b1]
	(No symbol) [0x0x7ff7bea04f43]
	GetHandleVerifier [0x0x7ff7beede1ed+3005069]
	GetHandleVerifier [0x0x7ff7beed831d+2980797]
	GetHandleVerifier [0x0x7ff7beef7e0d+3110573]
	GetHandleVerifier [0x0x7ff7bec2d6de+184190]
	GetHandleVerifier [0x0x7ff7bec3516f+215567]
	GetHandleVerifier [0x0x7ff7bec1c974+115220]
	GetHandleVerifier [0x0x7ff7bec1cb29+115657]
	GetHandleVerifier [0x0x7ff7bec03268+11016]
	BaseThreadInitThunk [0x0x7ffe0660259d+29]
	RtlUserThreadStart [0x0x7ffe075caf78+40]

2025-09-10 15:00:44,192 - INFO - 
开始抓取成都的职位信息（前5页，当前页所有职位）...
2025-09-10 15:00:44,192 - INFO - 
=== 开始生成 5 页的URL列表 ===
2025-09-10 15:00:44,193 - INFO - 第 1 页URL: https://cd.58.com/hulianwangtx/
2025-09-10 15:00:44,193 - INFO - 成都抓取出错: Message: tab crashed
  (Session info: chrome=139.0.7258.157)
Stacktrace:
	GetHandleVerifier [0x0x7ff7bec13d85+79397]
	GetHandleVerifier [0x0x7ff7bec13de0+79488]
	(No symbol) [0x0x7ff7be9bbf2c]
	(No symbol) [0x0x7ff7be9a969b]
	(No symbol) [0x0x7ff7be9a72cb]
	(No symbol) [0x0x7ff7be9a7d2f]
	(No symbol) [0x0x7ff7be9b695e]
	(No symbol) [0x0x7ff7be9cc921]
	(No symbol) [0x0x7ff7be9d3a8a]
	(No symbol) [0x0x7ff7be9a84cd]
	(No symbol) [0x0x7ff7be9cc0d0]
	(No symbol) [0x0x7ff7bea6321d]
	(No symbol) [0x0x7ff7bea3af73]
	(No symbol) [0x0x7ff7bea041b1]
	(No symbol) [0x0x7ff7bea04f43]
	GetHandleVerifier [0x0x7ff7beede1ed+3005069]
	GetHandleVerifier [0x0x7ff7beed831d+2980797]
	GetHandleVerifier [0x0x7ff7beef7e0d+3110573]
	GetHandleVerifier [0x0x7ff7bec2d6de+184190]
	GetHandleVerifier [0x0x7ff7bec3516f+215567]
	GetHandleVerifier [0x0x7ff7bec1c974+115220]
	GetHandleVerifier [0x0x7ff7bec1cb29+115657]
	GetHandleVerifier [0x0x7ff7bec03268+11016]
	BaseThreadInitThunk [0x0x7ffe0660259d+29]
	RtlUserThreadStart [0x0x7ffe075caf78+40]

2025-09-10 15:00:44,194 - INFO - 
开始抓取西安的职位信息（前5页，当前页所有职位）...
2025-09-10 15:00:44,194 - INFO - 
=== 开始生成 5 页的URL列表 ===
2025-09-10 15:00:44,194 - INFO - 第 1 页URL: https://xa.58.com/hulianwangtx/
2025-09-10 15:00:44,195 - INFO - 西安抓取出错: Message: tab crashed
  (Session info: chrome=139.0.7258.157)
Stacktrace:
	GetHandleVerifier [0x0x7ff7bec13d85+79397]
	GetHandleVerifier [0x0x7ff7bec13de0+79488]
	(No symbol) [0x0x7ff7be9bbf2c]
	(No symbol) [0x0x7ff7be9a969b]
	(No symbol) [0x0x7ff7be9a72cb]
	(No symbol) [0x0x7ff7be9a7d2f]
	(No symbol) [0x0x7ff7be9b695e]
	(No symbol) [0x0x7ff7be9cc921]
	(No symbol) [0x0x7ff7be9d3a8a]
	(No symbol) [0x0x7ff7be9a84cd]
	(No symbol) [0x0x7ff7be9cc0d0]
	(No symbol) [0x0x7ff7bea6321d]
	(No symbol) [0x0x7ff7bea3af73]
	(No symbol) [0x0x7ff7bea041b1]
	(No symbol) [0x0x7ff7bea04f43]
	GetHandleVerifier [0x0x7ff7beede1ed+3005069]
	GetHandleVerifier [0x0x7ff7beed831d+2980797]
	GetHandleVerifier [0x0x7ff7beef7e0d+3110573]
	GetHandleVerifier [0x0x7ff7bec2d6de+184190]
	GetHandleVerifier [0x0x7ff7bec3516f+215567]
	GetHandleVerifier [0x0x7ff7bec1c974+115220]
	GetHandleVerifier [0x0x7ff7bec1cb29+115657]
	GetHandleVerifier [0x0x7ff7bec03268+11016]
	BaseThreadInitThunk [0x0x7ffe0660259d+29]
	RtlUserThreadStart [0x0x7ffe075caf78+40]

2025-09-10 15:00:44,195 - INFO - 
开始抓取郑州的职位信息（前5页，当前页所有职位）...
2025-09-10 15:00:44,195 - INFO - 
=== 开始生成 5 页的URL列表 ===
2025-09-10 15:00:44,195 - INFO - 第 1 页URL: https://zz.58.com/hulianwangtx/
2025-09-10 15:00:44,196 - INFO - 郑州抓取出错: Message: tab crashed
  (Session info: chrome=139.0.7258.157)
Stacktrace:
	GetHandleVerifier [0x0x7ff7bec13d85+79397]
	GetHandleVerifier [0x0x7ff7bec13de0+79488]
	(No symbol) [0x0x7ff7be9bbf2c]
	(No symbol) [0x0x7ff7be9a969b]
	(No symbol) [0x0x7ff7be9a72cb]
	(No symbol) [0x0x7ff7be9a7d2f]
	(No symbol) [0x0x7ff7be9b695e]
	(No symbol) [0x0x7ff7be9cc921]
	(No symbol) [0x0x7ff7be9d3a8a]
	(No symbol) [0x0x7ff7be9a84cd]
	(No symbol) [0x0x7ff7be9cc0d0]
	(No symbol) [0x0x7ff7bea6321d]
	(No symbol) [0x0x7ff7bea3af73]
	(No symbol) [0x0x7ff7bea041b1]
	(No symbol) [0x0x7ff7bea04f43]
	GetHandleVerifier [0x0x7ff7beede1ed+3005069]
	GetHandleVerifier [0x0x7ff7beed831d+2980797]
	GetHandleVerifier [0x0x7ff7beef7e0d+3110573]
	GetHandleVerifier [0x0x7ff7bec2d6de+184190]
	GetHandleVerifier [0x0x7ff7bec3516f+215567]
	GetHandleVerifier [0x0x7ff7bec1c974+115220]
	GetHandleVerifier [0x0x7ff7bec1cb29+115657]
	GetHandleVerifier [0x0x7ff7bec03268+11016]
	BaseThreadInitThunk [0x0x7ffe0660259d+29]
	RtlUserThreadStart [0x0x7ffe075caf78+40]

2025-09-10 15:00:44,196 - INFO - 
所有城市总共成功抓取到 4 个职位信息
2025-09-10 15:00:44,196 - INFO - 
=== 详细抓取结果 ===
2025-09-10 15:00:44,197 - INFO - 
职位 1:
2025-09-10 15:00:44,197 - INFO -   企业名称: 上海家阳实业有限公司
2025-09-10 15:00:44,197 - INFO -   岗位名称: 数据分析师
2025-09-10 15:00:44,197 - INFO -   薪资类型: 面谈
2025-09-10 15:00:44,197 - INFO -   薪资范围: -
2025-09-10 15:00:44,197 - INFO -   工作地点: 上海 - 嘉定
2025-09-10 15:00:44,197 - INFO -   学历要求: 大专
2025-09-10 15:00:44,197 - INFO -   岗位要求: 1-2年
2025-09-10 15:00:44,197 - INFO -   发布时间: 
2025-09-10 15:00:44,197 - INFO - 
职位 2:
2025-09-10 15:00:44,197 - INFO -   企业名称: 上海尚公劳务服务有限公司
2025-09-10 15:00:44,198 - INFO -   岗位名称: 运维工程师
2025-09-10 15:00:44,198 - INFO -   薪资类型: 非面谈
2025-09-10 15:00:44,198 - INFO -   薪资范围: 6000-9000
2025-09-10 15:00:44,198 - INFO -   工作地点: 上海 - 崇明
2025-09-10 15:00:44,198 - INFO -   学历要求: 学历不限
2025-09-10 15:00:44,198 - INFO -   岗位要求: 经验不限
2025-09-10 15:00:44,198 - INFO -   发布时间: 
2025-09-10 15:00:44,198 - INFO - 
职位 3:
2025-09-10 15:00:44,198 - INFO -   企业名称: 上海金鞘科技有限公司
2025-09-10 15:00:44,198 - INFO -   岗位名称: 运维工程师
2025-09-10 15:00:44,198 - INFO -   薪资类型: 非面谈
2025-09-10 15:00:44,199 - INFO -   薪资范围: 6000-8000
2025-09-10 15:00:44,199 - INFO -   工作地点: 上海 - 闵行
2025-09-10 15:00:44,199 - INFO -   学历要求: 学历不限
2025-09-10 15:00:44,199 - INFO -   岗位要求: 1-2年
2025-09-10 15:00:44,199 - INFO -   发布时间: 
2025-09-10 15:00:44,199 - INFO - 
职位 4:
2025-09-10 15:00:44,199 - INFO -   企业名称: 上海博世机电设施工程有限公司
2025-09-10 15:00:44,199 - INFO -   岗位名称: 项目经理/主管
2025-09-10 15:00:44,199 - INFO -   薪资类型: 非面谈
2025-09-10 15:00:44,199 - INFO -   薪资范围: 6500-11000
2025-09-10 15:00:44,199 - INFO -   工作地点: 上海 - 浦东
2025-09-10 15:00:44,200 - INFO -   学历要求: 学历不限
2025-09-10 15:00:44,200 - INFO -   岗位要求: 3-5年
2025-09-10 15:00:44,200 - INFO -   发布时间: 
2025-09-10 15:00:44,200 - INFO - 
✓ 所有数据已通过实时保存功能写入Excel和JSON文件
