2025-09-10 14:55:45,681 - INFO - 文件 58同城多城市职位详细信息.xlsx 不存在，将在保存数据时创建
2025-09-10 14:55:45,681 - INFO - 
开始抓取北京的职位信息（前5页，当前页所有职位）...
2025-09-10 14:55:45,681 - INFO - 
=== 开始生成 5 页的URL列表 ===
2025-09-10 14:55:45,681 - INFO - 第 1 页URL: https://bj.58.com/hulianwangtx/
2025-09-10 14:55:56,818 - INFO - 第 2 页URL: https://bj.58.com/hulianwangtx/pn2/?pid=864520473586335744&PGTID=0d365063-0000-1a04-d60f-4ecda01498a5&ClickID=1
2025-09-10 14:56:01,202 - INFO - 第 3 页URL: https://bj.58.com/hulianwangtx/pn3/?pid=864520473586335744&PGTID=0d365063-0000-12fa-a600-878b2bf233a0&ClickID=1
2025-09-10 14:56:05,650 - INFO - 第 4 页URL: https://bj.58.com/hulianwangtx/pn4/?pid=864520473586335744&PGTID=0d365063-0000-1af0-7733-437f84a6d739&ClickID=1
2025-09-10 14:56:09,892 - INFO - 第 5 页URL: https://bj.58.com/hulianwangtx/pn5/?pid=864520473586335744&PGTID=0d365063-0000-1b71-85fc-5de83cde1d53&ClickID=1
2025-09-10 14:56:09,892 - INFO - 
=== URL列表生成完成，共 5 个URL ===
2025-09-10 14:56:09,892 - INFO - 
=== 开始批量抓取 5 页的职位数据 ===
2025-09-10 14:56:09,892 - INFO - 
--- 正在抓取第 1 页 ---
2025-09-10 14:56:09,892 - INFO - URL: https://bj.58.com/hulianwangtx/
2025-09-10 14:56:09,893 - INFO - 正在访问: https://bj.58.com/hulianwangtx/
2025-09-10 14:56:11,916 - INFO - 找到 35 个职位链接
2025-09-10 14:56:11,916 - INFO - 
正在处理第1个职位
2025-09-10 14:56:15,411 - INFO - 正在抓取企业详细信息: 北京中昌软件技术有限公司
2025-09-10 14:56:18,448 - INFO - × 跳过保存：工作职责为空的职位数据 - 运维工程师 - 北京中昌软件技术有限公司
2025-09-10 14:56:18,448 - INFO - 成功抓取第1个职位: 运维工程师
2025-09-10 14:56:18,949 - INFO - 
正在处理第2个职位
2025-09-10 14:56:26,097 - INFO - 正在抓取企业详细信息: 北京嘉言文化发展有限公司
2025-09-10 14:56:27,503 - INFO - × 跳过保存：任职要求为空的职位数据 - 产品经理 - 北京嘉言文化发展有限公司
2025-09-10 14:56:27,503 - INFO - 成功抓取第2个职位: 产品经理
2025-09-10 14:56:28,004 - INFO - 
正在处理第3个职位
2025-09-10 14:56:30,338 - INFO - 正在抓取企业详细信息: 北京市电信工程局有限公司
2025-09-10 14:56:31,366 - INFO - × 跳过保存：工作职责为空的职位数据 - 通信技术工程师 - 北京市电信工程局有限公司
2025-09-10 14:56:31,367 - INFO - 成功抓取第3个职位: 通信技术工程师
2025-09-10 14:56:31,867 - INFO - 
正在处理第4个职位
2025-09-10 14:56:34,002 - INFO - 正在抓取企业详细信息: 北京市艺值字画有限公司
2025-09-10 14:56:35,516 - INFO - × 跳过保存：任职要求为空的职位数据 - 软件研发工程师 - 北京市艺值字画有限公司
2025-09-10 14:56:35,516 - INFO - 成功抓取第4个职位: 软件研发工程师
2025-09-10 14:56:36,016 - INFO - 
正在处理第5个职位
2025-09-10 14:56:40,079 - INFO - 正在抓取企业详细信息: 北京独巨匠心餐饮管理有限公司大兴分公司
2025-09-10 14:56:41,148 - INFO - ✓ 所属区域已从工作地点补充: 北京 - 大兴 -> 北京大兴区
2025-09-10 14:56:41,154 - INFO - × 所属区域格式不标准已清空: 北京大兴区
2025-09-10 14:56:41,155 - INFO - × 跳过保存：所属区域为空的职位数据 - 项目经理/主管 - 北京独巨匠心餐饮管理有限公司大兴分公司
2025-09-10 14:56:41,155 - INFO - 成功抓取第5个职位: 项目经理/主管
2025-09-10 14:56:41,655 - INFO - 
正在处理第6个职位
2025-09-10 14:56:43,507 - INFO - 正在抓取企业详细信息: 领驭框架（北京）软件有限公司
2025-09-10 14:56:44,388 - INFO - × 跳过保存：任职要求为空的职位数据 - C#开发 - 领驭框架（北京）软件有限公司
2025-09-10 14:56:44,388 - INFO - 成功抓取第6个职位: C#开发
2025-09-10 14:56:44,507 - WARNING - Retrying (Retry(total=2, connect=None, read=None, redirect=None, status=None)) after connection broken by 'ConnectionResetError(10054, '远程主机强迫关闭了一个现有的连接。', None, 10054, None)': /session/4676a3ac300620631c6bb1186e90d016
